{"C:\\git\\usingrecoil\\modules\\react\\renderers\\markdown_renderer\\src\\markdown.renderer.tsx":{"path":"C:\\git\\usingrecoil\\modules\\react\\renderers\\markdown_renderer\\src\\markdown.renderer.tsx","statementMap":{"0":{"start":{"line":1,"column":0},"end":{"line":1,"column":26}},"1":{"start":{"line":2,"column":0},"end":{"line":2,"column":43}},"2":{"start":{"line":3,"column":0},"end":{"line":3,"column":82}},"3":{"start":{"line":5,"column":40},"end":{"line":13,"column":1}},"4":{"start":{"line":6,"column":4},"end":{"line":12,"column":6}},"5":{"start":{"line":5,"column":13},"end":{"line":5,"column":40}}},"fnMap":{"0":{"name":"(anonymous_1)","decl":{"start":{"line":5,"column":40},"end":{"line":5,"column":41}},"loc":{"start":{"line":5,"column":56},"end":{"line":13,"column":1}}}},"branchMap":{"0":{"loc":{"start":{"line":9,"column":83},"end":{"line":9,"column":94}},"type":"binary-expr","locations":[{"start":{"line":9,"column":83},"end":{"line":9,"column":88}},{"start":{"line":9,"column":92},"end":{"line":9,"column":94}}]}},"s":{"0":1,"1":1,"2":1,"3":1,"4":2,"5":1},"f":{"0":2},"b":{"0":[2,0]}}}