{"C:\\git\\usingrecoil\\modules\\fetchers\\axios_service_caller\\src\\axios.service.caller.ts":{"path":"C:\\git\\usingrecoil\\modules\\fetchers\\axios_service_caller\\src\\axios.service.caller.ts","statementMap":{"0":{"start":{"line":13,"column":0},"end":{"line":13,"column":7}},"1":{"start":{"line":1,"column":0},"end":{"line":1,"column":60}},"2":{"start":{"line":3,"column":0},"end":{"line":3,"column":118}},"3":{"start":{"line":5,"column":0},"end":{"line":5,"column":86}},"4":{"start":{"line":17,"column":4},"end":{"line":38,"column":5}},"5":{"start":{"line":18,"column":8},"end":{"line":18,"column":42}},"6":{"start":{"line":19,"column":25},"end":{"line":19,"column":71}},"7":{"start":{"line":20,"column":25},"end":{"line":26,"column":10}},"8":{"start":{"line":27,"column":25},"end":{"line":27,"column":46}},"9":{"start":{"line":28,"column":49},"end":{"line":28,"column":51}},"10":{"start":{"line":29,"column":8},"end":{"line":30,"column":null}},"11":{"start":{"line":30,"column":12},"end":{"line":30,"column":null}},"12":{"start":{"line":31,"column":23},"end":{"line":31,"column":106}},"13":{"start":{"line":32,"column":8},"end":{"line":32,"column":45}},"14":{"start":{"line":33,"column":8},"end":{"line":33,"column":null}},"15":{"start":{"line":35,"column":31},"end":{"line":35,"column":59}},"16":{"start":{"line":36,"column":8},"end":{"line":36,"column":65}},"17":{"start":{"line":37,"column":8},"end":{"line":37,"column":22}},"18":{"start":{"line":42,"column":4},"end":{"line":61,"column":5}},"19":{"start":{"line":44,"column":8},"end":{"line":48,"column":10}},"20":{"start":{"line":49,"column":11},"end":{"line":61,"column":5}},"21":{"start":{"line":51,"column":8},"end":{"line":54,"column":10}},"22":{"start":{"line":57,"column":8},"end":{"line":60,"column":10}}},"fnMap":{"0":{"name":"axiosServiceCaller","decl":{"start":{"line":13,"column":22},"end":{"line":13,"column":40}},"loc":{"start":{"line":15,"column":26},"end":{"line":39,"column":1}}},"1":{"name":"handleAxiosError","decl":{"start":{"line":41,"column":9},"end":{"line":41,"column":25}},"loc":{"start":{"line":41,"column":69},"end":{"line":62,"column":1}}}},"branchMap":{"0":{"loc":{"start":{"line":25,"column":21},"end":{"line":25,"column":43}},"type":"binary-expr","locations":[{"start":{"line":25,"column":21},"end":{"line":25,"column":37}},{"start":{"line":25,"column":41},"end":{"line":25,"column":43}}]},"1":{"loc":{"start":{"line":29,"column":50},"end":{"line":29,"column":73}},"type":"binary-expr","locations":[{"start":{"line":29,"column":50},"end":{"line":29,"column":67}},{"start":{"line":29,"column":71},"end":{"line":29,"column":73}}]},"2":{"loc":{"start":{"line":30,"column":35},"end":{"line":30,"column":92}},"type":"cond-expr","locations":[{"start":{"line":30,"column":58},"end":{"line":30,"column":73}},{"start":{"line":30,"column":76},"end":{"line":30,"column":92}}]},"3":{"loc":{"start":{"line":42,"column":4},"end":{"line":61,"column":5}},"type":"if","locations":[{"start":{"line":42,"column":4},"end":{"line":61,"column":5}},{"start":{"line":49,"column":11},"end":{"line":61,"column":5}}]},"4":{"loc":{"start":{"line":47,"column":23},"end":{"line":47,"column":78}},"type":"binary-expr","locations":[{"start":{"line":47,"column":23},"end":{"line":47,"column":65}},{"start":{"line":47,"column":69},"end":{"line":47,"column":78}}]},"5":{"loc":{"start":{"line":49,"column":11},"end":{"line":61,"column":5}},"type":"if","locations":[{"start":{"line":49,"column":11},"end":{"line":61,"column":5}},{"start":{"line":55,"column":11},"end":{"line":61,"column":5}}]}},"s":{"0":1,"1":1,"2":1,"3":1,"4":6,"5":6,"6":6,"7":6,"8":6,"9":3,"10":3,"11":3,"12":3,"13":3,"14":3,"15":3,"16":3,"17":3,"18":3,"19":1,"20":2,"21":0,"22":2},"f":{"0":6,"1":3},"b":{"0":[6,0],"1":[3,0],"2":[0,3],"3":[1,2],"4":[1,1],"5":[0,2]}},"C:\\git\\usingrecoil\\modules\\devmode\\src\\dev.mode.styles.ts":{"path":"C:\\git\\usingrecoil\\modules\\devmode\\src\\dev.mode.styles.ts","statementMap":{"0":{"start":{"line":3,"column":38},"end":{"line":10,"column":2}},"1":{"start":{"line":12,"column":46},"end":{"line":18,"column":2}},"2":{"start":{"line":20,"column":34},"end":{"line":23,"column":2}},"3":{"start":{"line":25,"column":37},"end":{"line":27,"column":2}},"4":{"start":{"line":29,"column":36},"end":{"line":33,"column":2}},"5":{"start":{"line":35,"column":38},"end":{"line":41,"column":2}},"6":{"start":{"line":44,"column":44},"end":{"line":49,"column":2}},"7":{"start":{"line":51,"column":35},"end":{"line":59,"column":2}},"8":{"start":{"line":61,"column":22},"end":{"line":64,"column":null}},"9":{"start":{"line":67,"column":22},"end":{"line":70,"column":null}},"10":{"start":{"line":73,"column":24},"end":{"line":76,"column":null}},"11":{"start":{"line":78,"column":13},"end":{"line":89,"column":null}}},"fnMap":{},"branchMap":{},"s":{"0":3,"1":3,"2":3,"3":3,"4":3,"5":3,"6":3,"7":3,"8":3,"9":3,"10":3,"11":3},"f":{},"b":{}},"C:\\git\\usingrecoil\\modules\\devmode\\src\\devMode.user.data.tsx":{"path":"C:\\git\\usingrecoil\\modules\\devmode\\src\\devMode.user.data.tsx","statementMap":{"0":{"start":{"line":4,"column":0},"end":{"line":4,"column":16}},"1":{"start":{"line":1,"column":0},"end":{"line":1,"column":69}},"2":{"start":{"line":2,"column":0},"end":{"line":2,"column":26}},"3":{"start":{"line":5,"column":21},"end":{"line":5,"column":34}},"4":{"start":{"line":6,"column":4},"end":{"line":6,"column":null}}},"fnMap":{"0":{"name":"DevModeUserData","decl":{"start":{"line":4,"column":16},"end":{"line":4,"column":31}},"loc":{"start":{"line":4,"column":31},"end":{"line":7,"column":1}}}},"branchMap":{},"s":{"0":2,"1":2,"2":2,"3":2,"4":2},"f":{"0":2},"b":{}},"C:\\git\\usingrecoil\\modules\\devmode\\src\\devModeSovereignState.tsx":{"path":"C:\\git\\usingrecoil\\modules\\devmode\\src\\devModeSovereignState.tsx","statementMap":{"0":{"start":{"line":6,"column":0},"end":{"line":6,"column":16}},"1":{"start":{"line":1,"column":0},"end":{"line":1,"column":26}},"2":{"start":{"line":2,"column":0},"end":{"line":2,"column":66}},"3":{"start":{"line":3,"column":0},"end":{"line":3,"column":60}},"4":{"start":{"line":4,"column":0},"end":{"line":4,"column":73}},"5":{"start":{"line":7,"column":22},"end":{"line":7,"column":40}},"6":{"start":{"line":8,"column":23},"end":{"line":8,"column":45}},"7":{"start":{"line":9,"column":25},"end":{"line":9,"column":32}},"8":{"start":{"line":10,"column":31},"end":{"line":10,"column":60}},"9":{"start":{"line":12,"column":4},"end":{"line":16,"column":null}}},"fnMap":{"0":{"name":"DevModeSovereignState","decl":{"start":{"line":6,"column":16},"end":{"line":6,"column":37}},"loc":{"start":{"line":6,"column":37},"end":{"line":17,"column":1}}}},"branchMap":{},"s":{"0":1,"1":1,"2":1,"3":1,"4":1,"5":0,"6":0,"7":0,"8":0,"9":0},"f":{"0":0},"b":{}},"C:\\git\\usingrecoil\\modules\\devmode\\src\\devmode.debug.tsx":{"path":"C:\\git\\usingrecoil\\modules\\devmode\\src\\devmode.debug.tsx","statementMap":{"0":{"start":{"line":6,"column":0},"end":{"line":6,"column":16}},"1":{"start":{"line":1,"column":0},"end":{"line":1,"column":61}},"2":{"start":{"line":2,"column":0},"end":{"line":2,"column":56}},"3":{"start":{"line":3,"column":0},"end":{"line":3,"column":46}},"4":{"start":{"line":7,"column":30},"end":{"line":7,"column":45}},"5":{"start":{"line":8,"column":110},"end":{"line":8,"column":121}},"6":{"start":{"line":9,"column":33},"end":{"line":11,"column":5}},"7":{"start":{"line":9,"column":50},"end":{"line":11,"column":5}},"8":{"start":{"line":10,"column":8},"end":{"line":10,"column":54}},"9":{"start":{"line":13,"column":4},"end":{"line":34,"column":6}},"10":{"start":{"line":17,"column":16},"end":{"line":26,"column":null}}},"fnMap":{"0":{"name":"DevModeDebug","decl":{"start":{"line":6,"column":16},"end":{"line":6,"column":28}},"loc":{"start":{"line":6,"column":28},"end":{"line":35,"column":1}}},"1":{"name":"(anonymous_2)","decl":{"start":{"line":9,"column":33},"end":{"line":9,"column":34}},"loc":{"start":{"line":9,"column":50},"end":{"line":11,"column":5}}},"2":{"name":"(anonymous_3)","decl":{"start":{"line":9,"column":50},"end":{"line":9,"column":51}},"loc":{"start":{"line":9,"column":87},"end":{"line":11,"column":5}}},"3":{"name":"(anonymous_4)","decl":{"start":{"line":16,"column":36},"end":{"line":16,"column":37}},"loc":{"start":{"line":17,"column":16},"end":{"line":26,"column":null}}}},"branchMap":{},"s":{"0":2,"1":2,"2":2,"3":2,"4":6,"5":6,"6":6,"7":18,"8":3,"9":6,"10":18},"f":{"0":6,"1":18,"2":3,"3":18},"b":{}},"C:\\git\\usingrecoil\\modules\\devmode\\src\\devmode.feature.flags.tsx":{"path":"C:\\git\\usingrecoil\\modules\\devmode\\src\\devmode.feature.flags.tsx","statementMap":{"0":{"start":{"line":7,"column":0},"end":{"line":7,"column":16}},"1":{"start":{"line":1,"column":0},"end":{"line":1,"column":41}},"2":{"start":{"line":2,"column":0},"end":{"line":2,"column":157}},"3":{"start":{"line":3,"column":0},"end":{"line":3,"column":54}},"4":{"start":{"line":4,"column":0},"end":{"line":4,"column":46}},"5":{"start":{"line":5,"column":0},"end":{"line":5,"column":60}},"6":{"start":{"line":8,"column":44},"end":{"line":8,"column":66}},"7":{"start":{"line":9,"column":21},"end":{"line":9,"column":46}},"8":{"start":{"line":10,"column":25},"end":{"line":10,"column":43}},"9":{"start":{"line":22,"column":8},"end":{"line":22,"column":19}},"10":{"start":{"line":24,"column":33},"end":{"line":27,"column":5}},"11":{"start":{"line":24,"column":50},"end":{"line":27,"column":5}},"12":{"start":{"line":25,"column":21},"end":{"line":25,"column":78}},"13":{"start":{"line":26,"column":8},"end":{"line":26,"column":66}},"14":{"start":{"line":29,"column":4},"end":{"line":56,"column":6}},"15":{"start":{"line":32,"column":64},"end":{"line":32,"column":89}},"16":{"start":{"line":33,"column":66},"end":{"line":33,"column":135}},"17":{"start":{"line":34,"column":64},"end":{"line":34,"column":115}},"18":{"start":{"line":37,"column":16},"end":{"line":46,"column":null}}},"fnMap":{"0":{"name":"DevModeFeatureFlags","decl":{"start":{"line":7,"column":16},"end":{"line":7,"column":35}},"loc":{"start":{"line":7,"column":35},"end":{"line":57,"column":1}}},"1":{"name":"(anonymous_2)","decl":{"start":{"line":24,"column":33},"end":{"line":24,"column":34}},"loc":{"start":{"line":24,"column":50},"end":{"line":27,"column":5}}},"2":{"name":"(anonymous_3)","decl":{"start":{"line":24,"column":50},"end":{"line":24,"column":51}},"loc":{"start":{"line":24,"column":87},"end":{"line":27,"column":5}}},"3":{"name":"(anonymous_4)","decl":{"start":{"line":32,"column":58},"end":{"line":32,"column":61}},"loc":{"start":{"line":32,"column":64},"end":{"line":32,"column":89}}},"4":{"name":"(anonymous_5)","decl":{"start":{"line":33,"column":60},"end":{"line":33,"column":63}},"loc":{"start":{"line":33,"column":66},"end":{"line":33,"column":135}}},"5":{"name":"(anonymous_6)","decl":{"start":{"line":34,"column":58},"end":{"line":34,"column":61}},"loc":{"start":{"line":34,"column":64},"end":{"line":34,"column":115}}},"6":{"name":"(anonymous_7)","decl":{"start":{"line":36,"column":43},"end":{"line":36,"column":44}},"loc":{"start":{"line":37,"column":16},"end":{"line":46,"column":null}}}},"branchMap":{},"s":{"0":2,"1":2,"2":2,"3":2,"4":2,"5":2,"6":11,"7":11,"8":11,"9":11,"10":11,"11":33,"12":2,"13":2,"14":11,"15":1,"16":1,"17":2,"18":33},"f":{"0":11,"1":33,"2":2,"3":1,"4":1,"5":2,"6":33},"b":{}},"C:\\git\\usingrecoil\\modules\\devmode\\src\\devmode.fixture.tsx":{"path":"C:\\git\\usingrecoil\\modules\\devmode\\src\\devmode.fixture.tsx","statementMap":{"0":{"start":{"line":3,"column":0},"end":{"line":3,"column":154}},"1":{"start":{"line":4,"column":0},"end":{"line":4,"column":59}},"2":{"start":{"line":6,"column":0},"end":{"line":6,"column":88}},"3":{"start":{"line":7,"column":0},"end":{"line":7,"column":60}},"4":{"start":{"line":8,"column":0},"end":{"line":8,"column":86}},"5":{"start":{"line":9,"column":0},"end":{"line":9,"column":74}},"6":{"start":{"line":10,"column":0},"end":{"line":10,"column":26}},"7":{"start":{"line":12,"column":21},"end":{"line":17,"column":2}},"8":{"start":{"line":19,"column":24},"end":{"line":24,"column":2}},"9":{"start":{"line":25,"column":25},"end":{"line":27,"column":2}},"10":{"start":{"line":29,"column":35},"end":{"line":32,"column":2}},"11":{"start":{"line":34,"column":41},"end":{"line":34,"column":80}},"12":{"start":{"line":34,"column":47},"end":{"line":34,"column":80}},"13":{"start":{"line":35,"column":41},"end":{"line":35,"column":80}},"14":{"start":{"line":35,"column":47},"end":{"line":35,"column":80}},"15":{"start":{"line":36,"column":56},"end":{"line":39,"column":null}},"16":{"start":{"line":41,"column":13},"end":{"line":44,"column":null}},"17":{"start":{"line":52,"column":61},"end":{"line":79,"column":1}},"18":{"start":{"line":60,"column":20},"end":{"line":60,"column":58}},"19":{"start":{"line":62,"column":4},"end":{"line":78,"column":6}},"20":{"start":{"line":52,"column":13},"end":{"line":52,"column":61}}},"fnMap":{"0":{"name":"(anonymous_1)","decl":{"start":{"line":34,"column":41},"end":{"line":34,"column":44}},"loc":{"start":{"line":34,"column":47},"end":{"line":34,"column":80}}},"1":{"name":"(anonymous_2)","decl":{"start":{"line":35,"column":41},"end":{"line":35,"column":44}},"loc":{"start":{"line":35,"column":47},"end":{"line":35,"column":80}}},"2":{"name":"(anonymous_3)","decl":{"start":{"line":52,"column":61},"end":{"line":52,"column":62}},"loc":{"start":{"line":59,"column":67},"end":{"line":79,"column":1}}},"3":{"name":"(anonymous_4)","decl":{"start":{"line":64,"column":56},"end":{"line":64,"column":59}},"loc":{"start":{"line":64,"column":61},"end":{"line":64,"column":64}}}},"branchMap":{"0":{"loc":{"start":{"line":55,"column":66},"end":{"line":55,"column":89}},"type":"default-arg","locations":[{"start":{"line":55,"column":77},"end":{"line":55,"column":89}}]},"1":{"loc":{"start":{"line":56,"column":66},"end":{"line":56,"column":95}},"type":"default-arg","locations":[{"start":{"line":56,"column":80},"end":{"line":56,"column":95}}]}},"s":{"0":1,"1":1,"2":1,"3":1,"4":1,"5":1,"6":1,"7":1,"8":1,"9":1,"10":1,"11":1,"12":2,"13":1,"14":0,"15":1,"16":1,"17":1,"18":6,"19":6,"20":1},"f":{"0":2,"1":0,"2":6,"3":0},"b":{"0":[5],"1":[6]}},"C:\\git\\usingrecoil\\modules\\devmode\\src\\devmode.gui.state.tsx":{"path":"C:\\git\\usingrecoil\\modules\\devmode\\src\\devmode.gui.state.tsx","statementMap":{"0":{"start":{"line":4,"column":0},"end":{"line":4,"column":16}},"1":{"start":{"line":1,"column":0},"end":{"line":1,"column":70}},"2":{"start":{"line":2,"column":0},"end":{"line":2,"column":26}},"3":{"start":{"line":5,"column":26},"end":{"line":5,"column":45}},"4":{"start":{"line":6,"column":4},"end":{"line":6,"column":null}}},"fnMap":{"0":{"name":"DevModeGuiState","decl":{"start":{"line":4,"column":16},"end":{"line":4,"column":31}},"loc":{"start":{"line":4,"column":31},"end":{"line":7,"column":1}}}},"branchMap":{},"s":{"0":1,"1":1,"2":1,"3":0,"4":0},"f":{"0":0},"b":{}},"C:\\git\\usingrecoil\\modules\\devmode\\src\\devmode.search.state.tsx":{"path":"C:\\git\\usingrecoil\\modules\\devmode\\src\\devmode.search.state.tsx","statementMap":{"0":{"start":{"line":10,"column":0},"end":{"line":10,"column":16}},"1":{"start":{"line":1,"column":0},"end":{"line":1,"column":69}},"2":{"start":{"line":2,"column":0},"end":{"line":2,"column":26}},"3":{"start":{"line":3,"column":0},"end":{"line":3,"column":72}},"4":{"start":{"line":4,"column":0},"end":{"line":4,"column":67}},"5":{"start":{"line":6,"column":0},"end":{"line":6,"column":58}},"6":{"start":{"line":8,"column":33},"end":{"line":8,"column":86}},"7":{"start":{"line":11,"column":24},"end":{"line":11,"column":63}},"8":{"start":{"line":12,"column":23},"end":{"line":12,"column":34}},"9":{"start":{"line":13,"column":26},"end":{"line":13,"column":51}},"10":{"start":{"line":14,"column":19},"end":{"line":14,"column":33}},"11":{"start":{"line":15,"column":18},"end":{"line":15,"column":73}},"12":{"start":{"line":17,"column":4},"end":{"line":20,"column":null}}},"fnMap":{"0":{"name":"DevModeSearchState","decl":{"start":{"line":10,"column":16},"end":{"line":10,"column":34}},"loc":{"start":{"line":10,"column":34},"end":{"line":21,"column":1}}}},"branchMap":{"0":{"loc":{"start":{"line":15,"column":18},"end":{"line":15,"column":73}},"type":"cond-expr","locations":[{"start":{"line":15,"column":29},"end":{"line":15,"column":59}},{"start":{"line":15,"column":62},"end":{"line":15,"column":73}}]}},"s":{"0":2,"1":2,"2":2,"3":2,"4":2,"5":2,"6":2,"7":5,"8":5,"9":5,"10":5,"11":5,"12":5},"f":{"0":5},"b":{"0":[2,3]}},"C:\\git\\usingrecoil\\modules\\devmode\\src\\devmode.tsx":{"path":"C:\\git\\usingrecoil\\modules\\devmode\\src\\devmode.tsx","statementMap":{"0":{"start":{"line":46,"column":0},"end":{"line":46,"column":16}},"1":{"start":{"line":1,"column":0},"end":{"line":1,"column":42}},"2":{"start":{"line":3,"column":0},"end":{"line":3,"column":102}},"3":{"start":{"line":5,"column":0},"end":{"line":5,"column":58}},"4":{"start":{"line":6,"column":0},"end":{"line":6,"column":67}},"5":{"start":{"line":7,"column":0},"end":{"line":7,"column":45}},"6":{"start":{"line":8,"column":0},"end":{"line":8,"column":60}},"7":{"start":{"line":9,"column":0},"end":{"line":9,"column":62}},"8":{"start":{"line":10,"column":0},"end":{"line":10,"column":69}},"9":{"start":{"line":11,"column":0},"end":{"line":11,"column":60}},"10":{"start":{"line":12,"column":0},"end":{"line":12,"column":52}},"11":{"start":{"line":13,"column":0},"end":{"line":13,"column":52}},"12":{"start":{"line":27,"column":26},"end":{"line":34,"column":2}},"13":{"start":{"line":35,"column":13},"end":{"line":38,"column":null}},"14":{"start":{"line":39,"column":13},"end":{"line":39,"column":80}},"15":{"start":{"line":43,"column":13},"end":{"line":43,"column":79}},"16":{"start":{"line":44,"column":13},"end":{"line":44,"column":null}},"17":{"start":{"line":44,"column":75},"end":{"line":44,"column":97}},"18":{"start":{"line":47,"column":21},"end":{"line":47,"column":34}},"19":{"start":{"line":48,"column":22},"end":{"line":48,"column":40}},"20":{"start":{"line":49,"column":40},"end":{"line":49,"column":62}},"21":{"start":{"line":50,"column":24},"end":{"line":50,"column":44}},"22":{"start":{"line":51,"column":30},"end":{"line":51,"column":64}},"23":{"start":{"line":52,"column":38},"end":{"line":52,"column":98}},"24":{"start":{"line":53,"column":4},"end":{"line":53,"column":49}},"25":{"start":{"line":53,"column":36},"end":{"line":53,"column":49}},"26":{"start":{"line":54,"column":23},"end":{"line":54,"column":34}},"27":{"start":{"line":55,"column":22},"end":{"line":55,"column":59}},"28":{"start":{"line":55,"column":53},"end":{"line":55,"column":58}},"29":{"start":{"line":56,"column":4},"end":{"line":60,"column":null}}},"fnMap":{"0":{"name":"(anonymous_1)","decl":{"start":{"line":44,"column":69},"end":{"line":44,"column":71}},"loc":{"start":{"line":44,"column":75},"end":{"line":44,"column":97}}},"1":{"name":"DevMode","decl":{"start":{"line":46,"column":16},"end":{"line":46,"column":23}},"loc":{"start":{"line":46,"column":23},"end":{"line":61,"column":1}}},"2":{"name":"(anonymous_3)","decl":{"start":{"line":55,"column":47},"end":{"line":55,"column":50}},"loc":{"start":{"line":55,"column":53},"end":{"line":55,"column":58}}}},"branchMap":{"0":{"loc":{"start":{"line":51,"column":30},"end":{"line":51,"column":64}},"type":"binary-expr","locations":[{"start":{"line":51,"column":30},"end":{"line":51,"column":44}},{"start":{"line":51,"column":48},"end":{"line":51,"column":64}}]},"1":{"loc":{"start":{"line":52,"column":38},"end":{"line":52,"column":98}},"type":"binary-expr","locations":[{"start":{"line":52,"column":38},"end":{"line":52,"column":55}},{"start":{"line":52,"column":59},"end":{"line":52,"column":98}}]},"2":{"loc":{"start":{"line":53,"column":4},"end":{"line":53,"column":49}},"type":"if","locations":[{"start":{"line":53,"column":4},"end":{"line":53,"column":49}}]},"3":{"loc":{"start":{"line":55,"column":22},"end":{"line":55,"column":59}},"type":"binary-expr","locations":[{"start":{"line":55,"column":22},"end":{"line":55,"column":42}},{"start":{"line":55,"column":47},"end":{"line":55,"column":58}}]}},"s":{"0":1,"1":1,"2":1,"3":1,"4":1,"5":1,"6":1,"7":1,"8":1,"9":1,"10":1,"11":1,"12":1,"13":1,"14":1,"15":1,"16":1,"17":6,"18":6,"19":6,"20":6,"21":6,"22":6,"23":6,"24":6,"25":2,"26":4,"27":4,"28":2,"29":4},"f":{"0":6,"1":6,"2":2},"b":{"0":[6,1],"1":[6,5],"2":[2],"3":[4,2]}},"C:\\git\\usingrecoil\\modules\\components\\recoil\\src\\edit\\edit.string.dropdown.tsx":{"path":"C:\\git\\usingrecoil\\modules\\components\\recoil\\src\\edit\\edit.string.dropdown.tsx","statementMap":{"0":{"start":{"line":1,"column":0},"end":{"line":1,"column":38}},"1":{"start":{"line":3,"column":0},"end":{"line":3,"column":39}},"2":{"start":{"line":4,"column":0},"end":{"line":4,"column":62}},"3":{"start":{"line":5,"column":0},"end":{"line":5,"column":56}},"4":{"start":{"line":7,"column":0},"end":{"line":7,"column":56}},"5":{"start":{"line":17,"column":4},"end":{"line":49,"column":5}},"6":{"start":{"line":18,"column":34},"end":{"line":18,"column":83}},"7":{"start":{"line":19,"column":26},"end":{"line":19,"column":42}},"8":{"start":{"line":20,"column":22},"end":{"line":20,"column":50}},"9":{"start":{"line":22,"column":24},"end":{"line":22,"column":57}},"10":{"start":{"line":23,"column":30},"end":{"line":23,"column":67}},"11":{"start":{"line":24,"column":8},"end":{"line":24,"column":62}},"12":{"start":{"line":26,"column":29},"end":{"line":28,"column":9}},"13":{"start":{"line":27,"column":12},"end":{"line":27,"column":62}},"14":{"start":{"line":30,"column":8},"end":{"line":48,"column":10}},"15":{"start":{"line":42,"column":24},"end":{"line":42,"column":45}},"16":{"start":{"line":16,"column":13},"end":{"line":16,"column":null}}},"fnMap":{"0":{"name":"(anonymous_0)","decl":{"start":{"line":17,"column":4},"end":{"line":17,"column":10}},"loc":{"start":{"line":17,"column":88},"end":{"line":49,"column":5}}},"1":{"name":"(anonymous_1)","decl":{"start":{"line":26,"column":29},"end":{"line":26,"column":30}},"loc":{"start":{"line":26,"column":77},"end":{"line":28,"column":9}}},"2":{"name":"(anonymous_2)","decl":{"start":{"line":41,"column":33},"end":{"line":41,"column":34}},"loc":{"start":{"line":42,"column":24},"end":{"line":42,"column":45}}}},"branchMap":{"0":{"loc":{"start":{"line":17,"column":43},"end":{"line":17,"column":59}},"type":"default-arg","locations":[{"start":{"line":17,"column":57},"end":{"line":17,"column":59}}]},"1":{"loc":{"start":{"line":37,"column":27},"end":{"line":37,"column":48}},"type":"binary-expr","locations":[{"start":{"line":37,"column":27},"end":{"line":37,"column":42}},{"start":{"line":37,"column":46},"end":{"line":37,"column":48}}]}},"s":{"0":2,"1":2,"2":2,"3":2,"4":2,"5":2,"6":40,"7":40,"8":40,"9":0,"10":0,"11":0,"12":0,"13":0,"14":0,"15":0,"16":2},"f":{"0":40,"1":0,"2":0},"b":{"0":[40],"1":[0,0]}},"C:\\git\\usingrecoil\\modules\\components\\recoil\\src\\edit\\edit.string.tsx":{"path":"C:\\git\\usingrecoil\\modules\\components\\recoil\\src\\edit\\edit.string.tsx","statementMap":{"0":{"start":{"line":1,"column":0},"end":{"line":1,"column":51}},"1":{"start":{"line":2,"column":0},"end":{"line":2,"column":39}},"2":{"start":{"line":5,"column":0},"end":{"line":5,"column":62}},"3":{"start":{"line":7,"column":0},"end":{"line":7,"column":55}},"4":{"start":{"line":8,"column":0},"end":{"line":8,"column":56}},"5":{"start":{"line":22,"column":57},"end":{"line":43,"column":1}},"6":{"start":{"line":23,"column":30},"end":{"line":23,"column":79}},"7":{"start":{"line":24,"column":22},"end":{"line":24,"column":38}},"8":{"start":{"line":25,"column":20},"end":{"line":25,"column":52}},"9":{"start":{"line":26,"column":26},"end":{"line":26,"column":44}},"10":{"start":{"line":27,"column":16},"end":{"line":27,"column":44}},"11":{"start":{"line":28,"column":4},"end":{"line":28,"column":65}},"12":{"start":{"line":30,"column":8},"end":{"line":30,"column":60}},"13":{"start":{"line":30,"column":15},"end":{"line":30,"column":60}},"14":{"start":{"line":31,"column":4},"end":{"line":42,"column":6}},"15":{"start":{"line":22,"column":13},"end":{"line":22,"column":57}}},"fnMap":{"0":{"name":"(anonymous_0)","decl":{"start":{"line":22,"column":57},"end":{"line":22,"column":63}},"loc":{"start":{"line":22,"column":111},"end":{"line":43,"column":1}}},"1":{"name":"(anonymous_1)","decl":{"start":{"line":30,"column":8},"end":{"line":30,"column":9}},"loc":{"start":{"line":30,"column":15},"end":{"line":30,"column":60}}}},"branchMap":{},"s":{"0":2,"1":2,"2":2,"3":2,"4":2,"5":2,"6":40,"7":40,"8":40,"9":40,"10":40,"11":0,"12":0,"13":0,"14":0,"15":2},"f":{"0":40,"1":0},"b":{}},"C:\\git\\usingrecoil\\modules\\components\\recoil\\src\\edit\\editComponentDebug.tsx":{"path":"C:\\git\\usingrecoil\\modules\\components\\recoil\\src\\edit\\editComponentDebug.tsx","statementMap":{"0":{"start":{"line":1,"column":13},"end":{"line":1,"column":null}}},"fnMap":{},"branchMap":{},"s":{"0":4},"f":{},"b":{}},"C:\\git\\usingrecoil\\modules\\components\\recoil\\src\\edit\\selector.ts":{"path":"C:\\git\\usingrecoil\\modules\\components\\recoil\\src\\edit\\selector.ts","statementMap":{"0":{"start":{"line":1,"column":0},"end":{"line":1,"column":51}},"1":{"start":{"line":3,"column":13},"end":{"line":19,"column":3}},"2":{"start":{"line":7,"column":10},"end":{"line":11,"column":11}},"3":{"start":{"line":8,"column":34},"end":{"line":8,"column":40}},"4":{"start":{"line":9,"column":26},"end":{"line":9,"column":35}},"5":{"start":{"line":10,"column":12},"end":{"line":10,"column":30}},"6":{"start":{"line":14,"column":10},"end":{"line":18,"column":11}},"7":{"start":{"line":15,"column":34},"end":{"line":15,"column":40}},"8":{"start":{"line":16,"column":26},"end":{"line":16,"column":35}},"9":{"start":{"line":17,"column":12},"end":{"line":17,"column":53}}},"fnMap":{"0":{"name":"(anonymous_0)","decl":{"start":{"line":6,"column":6},"end":{"line":6,"column":29}},"loc":{"start":{"line":7,"column":10},"end":{"line":11,"column":11}}},"1":{"name":"(anonymous_1)","decl":{"start":{"line":7,"column":10},"end":{"line":7,"column":11}},"loc":{"start":{"line":7,"column":22},"end":{"line":11,"column":11}}},"2":{"name":"(anonymous_2)","decl":{"start":{"line":13,"column":6},"end":{"line":13,"column":29}},"loc":{"start":{"line":14,"column":10},"end":{"line":18,"column":11}}},"3":{"name":"(anonymous_3)","decl":{"start":{"line":14,"column":10},"end":{"line":14,"column":11}},"loc":{"start":{"line":14,"column":37},"end":{"line":18,"column":11}}}},"branchMap":{},"s":{"0":6,"1":6,"2":14,"3":14,"4":14,"5":14,"6":4,"7":4,"8":4,"9":4},"f":{"0":14,"1":14,"2":4,"3":4},"b":{}},"C:\\git\\usingrecoil\\modules\\components\\error_boundary\\src\\defaultErrorBoundaryStyles.tsx":{"path":"C:\\git\\usingrecoil\\modules\\components\\error_boundary\\src\\defaultErrorBoundaryStyles.tsx","statementMap":{"0":{"start":{"line":4,"column":45},"end":{"line":12,"column":2}},"1":{"start":{"line":13,"column":43},"end":{"line":16,"column":2}},"2":{"start":{"line":17,"column":42},"end":{"line":19,"column":2}},"3":{"start":{"line":20,"column":45},"end":{"line":22,"column":2}},"4":{"start":{"line":23,"column":51},"end":{"line":25,"column":2}},"5":{"start":{"line":33,"column":13},"end":{"line":39,"column":2}}},"fnMap":{},"branchMap":{},"s":{"0":1,"1":1,"2":1,"3":1,"4":1,"5":1},"f":{},"b":{}},"C:\\git\\usingrecoil\\modules\\components\\error_boundary\\src\\error.boundary.tsx":{"path":"C:\\git\\usingrecoil\\modules\\components\\error_boundary\\src\\error.boundary.tsx","statementMap":{"0":{"start":{"line":166,"column":0},"end":{"line":166,"column":16}},"1":{"start":{"line":2,"column":0},"end":{"line":2,"column":52}},"2":{"start":{"line":3,"column":0},"end":{"line":3,"column":86}},"3":{"start":{"line":6,"column":0},"end":{"line":6,"column":83}},"4":{"start":{"line":7,"column":0},"end":{"line":7,"column":95}},"5":{"start":{"line":9,"column":0},"end":{"line":9,"column":76}},"6":{"start":{"line":40,"column":8},"end":{"line":40,"column":21}},"7":{"start":{"line":75,"column":4},"end":{"line":77,"column":6}},"8":{"start":{"line":76,"column":8},"end":{"line":76,"column":76}},"9":{"start":{"line":76,"column":38},"end":{"line":76,"column":73}},"10":{"start":{"line":78,"column":4},"end":{"line":80,"column":6}},"11":{"start":{"line":79,"column":8},"end":{"line":79,"column":80}},"12":{"start":{"line":79,"column":38},"end":{"line":79,"column":77}},"13":{"start":{"line":41,"column":8},"end":{"line":41,"column":59}},"14":{"start":{"line":45,"column":8},"end":{"line":45,"column":41}},"15":{"start":{"line":49,"column":30},"end":{"line":49,"column":42}},"16":{"start":{"line":50,"column":31},"end":{"line":53,"column":10}},"17":{"start":{"line":54,"column":8},"end":{"line":54,"column":34}},"18":{"start":{"line":56,"column":8},"end":{"line":72,"column":9}},"19":{"start":{"line":57,"column":12},"end":{"line":68,"column":19}},"20":{"start":{"line":59,"column":20},"end":{"line":63,"column":21}},"21":{"start":{"line":60,"column":24},"end":{"line":60,"column":79}},"22":{"start":{"line":62,"column":24},"end":{"line":62,"column":65}},"23":{"start":{"line":66,"column":20},"end":{"line":66,"column":84}},"24":{"start":{"line":67,"column":20},"end":{"line":67,"column":61}},"25":{"start":{"line":70,"column":12},"end":{"line":70,"column":72}},"26":{"start":{"line":71,"column":12},"end":{"line":71,"column":53}},"27":{"start":{"line":89,"column":12},"end":{"line":89,"column":22}},"28":{"start":{"line":91,"column":8},"end":{"line":147,"column":9}},"29":{"start":{"line":92,"column":33},"end":{"line":92,"column":43}},"30":{"start":{"line":93,"column":51},"end":{"line":93,"column":61}},"31":{"start":{"line":95,"column":12},"end":{"line":97,"column":13}},"32":{"start":{"line":96,"column":16},"end":{"line":96,"column":32}},"33":{"start":{"line":99,"column":12},"end":{"line":146,"column":14}},"34":{"start":{"line":149,"column":8},"end":{"line":149,"column":35}},"35":{"start":{"line":153,"column":8},"end":{"line":161,"column":10}},"36":{"start":{"line":156,"column":20},"end":{"line":157,"column":null}},"37":{"start":{"line":157,"column":42},"end":{"line":157,"column":83}},"38":{"start":{"line":35,"column":0},"end":{"line":35,"column":13}},"39":{"start":{"line":36,"column":11},"end":{"line":36,"column":25}},"40":{"start":{"line":167,"column":4},"end":{"line":169,"column":6}},"41":{"start":{"line":168,"column":8},"end":{"line":168,"column":71}},"42":{"start":{"line":173,"column":13},"end":{"line":173,"column":96}},"43":{"start":{"line":175,"column":13},"end":{"line":175,"column":null}}},"fnMap":{"0":{"name":"(anonymous_9)","decl":{"start":{"line":39,"column":4},"end":{"line":39,"column":16}},"loc":{"start":{"line":39,"column":51},"end":{"line":42,"column":5}}},"1":{"name":"(anonymous_10)","decl":{"start":{"line":75,"column":18},"end":{"line":75,"column":21}},"loc":{"start":{"line":75,"column":23},"end":{"line":77,"column":5}}},"2":{"name":"(anonymous_11)","decl":{"start":{"line":76,"column":22},"end":{"line":76,"column":23}},"loc":{"start":{"line":76,"column":38},"end":{"line":76,"column":73}}},"3":{"name":"(anonymous_12)","decl":{"start":{"line":78,"column":24},"end":{"line":78,"column":27}},"loc":{"start":{"line":78,"column":29},"end":{"line":80,"column":5}}},"4":{"name":"(anonymous_13)","decl":{"start":{"line":79,"column":22},"end":{"line":79,"column":23}},"loc":{"start":{"line":79,"column":38},"end":{"line":79,"column":77}}},"5":{"name":"(anonymous_14)","decl":{"start":{"line":44,"column":4},"end":{"line":44,"column":10}},"loc":{"start":{"line":44,"column":48},"end":{"line":46,"column":5}}},"6":{"name":"(anonymous_15)","decl":{"start":{"line":48,"column":4},"end":{"line":48,"column":21}},"loc":{"start":{"line":48,"column":62},"end":{"line":73,"column":5}}},"7":{"name":"(anonymous_16)","decl":{"start":{"line":58,"column":22},"end":{"line":58,"column":23}},"loc":{"start":{"line":58,"column":41},"end":{"line":64,"column":17}}},"8":{"name":"(anonymous_17)","decl":{"start":{"line":65,"column":23},"end":{"line":65,"column":24}},"loc":{"start":{"line":65,"column":31},"end":{"line":68,"column":17}}},"9":{"name":"(anonymous_18)","decl":{"start":{"line":82,"column":4},"end":{"line":82,"column":17}},"loc":{"start":{"line":82,"column":64},"end":{"line":150,"column":5}}},"10":{"name":"(anonymous_19)","decl":{"start":{"line":152,"column":4},"end":{"line":152,"column":10}},"loc":{"start":{"line":152,"column":10},"end":{"line":162,"column":5}}},"11":{"name":"(anonymous_20)","decl":{"start":{"line":155,"column":17},"end":{"line":155,"column":18}},"loc":{"start":{"line":156,"column":20},"end":{"line":157,"column":null}}},"12":{"name":"(anonymous_21)","decl":{"start":{"line":157,"column":25},"end":{"line":157,"column":26}},"loc":{"start":{"line":157,"column":42},"end":{"line":157,"column":83}}},"13":{"name":"makeErrorBoundary","decl":{"start":{"line":166,"column":16},"end":{"line":166,"column":33}},"loc":{"start":{"line":166,"column":67},"end":{"line":170,"column":1}}},"14":{"name":"WrappedErrorBoundary","decl":{"start":{"line":167,"column":20},"end":{"line":167,"column":40}},"loc":{"start":{"line":167,"column":82},"end":{"line":169,"column":5}}}},"branchMap":{"0":{"loc":{"start":{"line":56,"column":8},"end":{"line":72,"column":9}},"type":"if","locations":[{"start":{"line":56,"column":8},"end":{"line":72,"column":9}},{"start":{"line":69,"column":15},"end":{"line":72,"column":9}}]},"1":{"loc":{"start":{"line":59,"column":20},"end":{"line":63,"column":21}},"type":"if","locations":[{"start":{"line":59,"column":20},"end":{"line":63,"column":21}},{"start":{"line":61,"column":27},"end":{"line":63,"column":21}}]},"2":{"loc":{"start":{"line":84,"column":12},"end":{"line":84,"column":47}},"type":"default-arg","locations":[{"start":{"line":84,"column":21},"end":{"line":84,"column":47}}]},"3":{"loc":{"start":{"line":86,"column":12},"end":{"line":86,"column":64}},"type":"default-arg","locations":[{"start":{"line":86,"column":38},"end":{"line":86,"column":64}}]},"4":{"loc":{"start":{"line":87,"column":12},"end":{"line":87,"column":64}},"type":"default-arg","locations":[{"start":{"line":87,"column":38},"end":{"line":87,"column":64}}]},"5":{"loc":{"start":{"line":88,"column":12},"end":{"line":88,"column":57}},"type":"default-arg","locations":[{"start":{"line":88,"column":31},"end":{"line":88,"column":57}}]},"6":{"loc":{"start":{"line":91,"column":8},"end":{"line":147,"column":9}},"type":"if","locations":[{"start":{"line":91,"column":8},"end":{"line":147,"column":9}}]},"7":{"loc":{"start":{"line":95,"column":12},"end":{"line":97,"column":13}},"type":"if","locations":[{"start":{"line":95,"column":12},"end":{"line":97,"column":13}}]},"8":{"loc":{"start":{"line":109,"column":21},"end":{"line":116,"column":null}},"type":"binary-expr","locations":[{"start":{"line":109,"column":21},"end":{"line":109,"column":30}},{"start":{"line":109,"column":34},"end":{"line":109,"column":50}},{"start":{"line":110,"column":24},"end":{"line":115,"column":null}}]},"9":{"loc":{"start":{"line":118,"column":21},"end":{"line":121,"column":null}},"type":"binary-expr","locations":[{"start":{"line":118,"column":21},"end":{"line":118,"column":36}},{"start":{"line":119,"column":24},"end":{"line":120,"column":null}}]},"10":{"loc":{"start":{"line":123,"column":21},"end":{"line":126,"column":null}},"type":"binary-expr","locations":[{"start":{"line":123,"column":21},"end":{"line":123,"column":31}},{"start":{"line":123,"column":35},"end":{"line":123,"column":51}},{"start":{"line":124,"column":24},"end":{"line":125,"column":null}}]},"11":{"loc":{"start":{"line":129,"column":21},"end":{"line":143,"column":null}},"type":"binary-expr","locations":[{"start":{"line":129,"column":21},"end":{"line":129,"column":35}},{"start":{"line":129,"column":39},"end":{"line":129,"column":56}},{"start":{"line":130,"column":24},"end":{"line":142,"column":null}}]}},"s":{"0":1,"1":1,"2":1,"3":1,"4":1,"5":1,"6":13,"7":12,"8":0,"9":0,"10":12,"11":0,"12":0,"13":12,"14":12,"15":6,"16":6,"17":6,"18":6,"19":6,"20":4,"21":4,"22":0,"23":1,"24":1,"25":0,"26":0,"27":35,"28":35,"29":23,"30":23,"31":23,"32":4,"33":19,"34":12,"35":35,"36":35,"37":35,"38":1,"39":1,"40":2,"41":14,"42":1,"43":1},"f":{"0":13,"1":0,"2":0,"3":0,"4":0,"5":12,"6":6,"7":4,"8":1,"9":35,"10":35,"11":35,"12":35,"13":2,"14":14},"b":{"0":[6,0],"1":[4,0],"2":[0],"3":[35],"4":[35],"5":[35],"6":[23],"7":[4],"8":[19,3,3],"9":[19,1],"10":[19,16,15],"11":[19,8,4]}},"C:\\git\\usingrecoil\\modules\\components\\icons\\index.ts":{"path":"C:\\git\\usingrecoil\\modules\\components\\icons\\index.ts","statementMap":{"0":{"start":{"line":1,"column":0},"end":{"line":1,"column":27}}},"fnMap":{},"branchMap":{},"s":{"0":1},"f":{},"b":{}},"C:\\git\\usingrecoil\\modules\\components\\icons\\src\\icons.tsx":{"path":"C:\\git\\usingrecoil\\modules\\components\\icons\\src\\icons.tsx","statementMap":{"0":{"start":{"line":1,"column":0},"end":{"line":1,"column":26}},"1":{"start":{"line":3,"column":0},"end":{"line":3,"column":62}},"2":{"start":{"line":4,"column":0},"end":{"line":4,"column":62}},"3":{"start":{"line":20,"column":50},"end":{"line":26,"column":null}},"4":{"start":{"line":21,"column":4},"end":{"line":26,"column":null}},"5":{"start":{"line":22,"column":8},"end":{"line":25,"column":null}},"6":{"start":{"line":20,"column":13},"end":{"line":20,"column":50}},"7":{"start":{"line":30,"column":50},"end":{"line":39,"column":5}},"8":{"start":{"line":31,"column":4},"end":{"line":39,"column":5}},"9":{"start":{"line":32,"column":28},"end":{"line":32,"column":44}},"10":{"start":{"line":33,"column":8},"end":{"line":38,"column":10}},"11":{"start":{"line":30,"column":13},"end":{"line":30,"column":50}},"12":{"start":{"line":42,"column":29},"end":{"line":44,"column":1}},"13":{"start":{"line":43,"column":4},"end":{"line":43,"column":63}},"14":{"start":{"line":42,"column":13},"end":{"line":42,"column":29}},"15":{"start":{"line":47,"column":13},"end":{"line":50,"column":2}},"16":{"start":{"line":53,"column":13},"end":{"line":53,"column":54}}},"fnMap":{"0":{"name":"(anonymous_1)","decl":{"start":{"line":20,"column":50},"end":{"line":20,"column":51}},"loc":{"start":{"line":21,"column":4},"end":{"line":26,"column":null}}},"1":{"name":"(anonymous_2)","decl":{"start":{"line":21,"column":4},"end":{"line":21,"column":7}},"loc":{"start":{"line":22,"column":8},"end":{"line":25,"column":null}}},"2":{"name":"(anonymous_3)","decl":{"start":{"line":30,"column":50},"end":{"line":30,"column":51}},"loc":{"start":{"line":31,"column":4},"end":{"line":39,"column":5}}},"3":{"name":"(anonymous_4)","decl":{"start":{"line":31,"column":4},"end":{"line":31,"column":7}},"loc":{"start":{"line":31,"column":9},"end":{"line":39,"column":5}}},"4":{"name":"(anonymous_5)","decl":{"start":{"line":42,"column":29},"end":{"line":42,"column":30}},"loc":{"start":{"line":42,"column":49},"end":{"line":44,"column":1}}}},"branchMap":{},"s":{"0":1,"1":1,"2":1,"3":1,"4":1,"5":1,"6":1,"7":1,"8":1,"9":1,"10":1,"11":1,"12":1,"13":0,"14":1,"15":1,"16":1},"f":{"0":1,"1":1,"2":1,"3":1,"4":0},"b":{}},"C:\\git\\usingrecoil\\modules\\utils\\errors\\src\\error.monad.ts":{"path":"C:\\git\\usingrecoil\\modules\\utils\\errors\\src\\error.monad.ts","statementMap":{"0":{"start":{"line":15,"column":0},"end":{"line":15,"column":16}},"1":{"start":{"line":19,"column":0},"end":{"line":19,"column":16}},"2":{"start":{"line":24,"column":0},"end":{"line":24,"column":16}},"3":{"start":{"line":34,"column":0},"end":{"line":34,"column":16}},"4":{"start":{"line":45,"column":0},"end":{"line":45,"column":16}},"5":{"start":{"line":51,"column":0},"end":{"line":51,"column":16}},"6":{"start":{"line":57,"column":0},"end":{"line":57,"column":16}},"7":{"start":{"line":63,"column":0},"end":{"line":63,"column":7}},"8":{"start":{"line":69,"column":0},"end":{"line":69,"column":7}},"9":{"start":{"line":75,"column":0},"end":{"line":75,"column":16}},"10":{"start":{"line":10,"column":8},"end":{"line":10,"column":33}},"11":{"start":{"line":9,"column":23},"end":{"line":9,"column":39}},"12":{"start":{"line":9,"column":48},"end":{"line":9,"column":66}},"13":{"start":{"line":11,"column":8},"end":{"line":11,"column":38}},"14":{"start":{"line":8,"column":0},"end":{"line":8,"column":13}},"15":{"start":{"line":16,"column":4},"end":{"line":16,"column":24}},"16":{"start":{"line":20,"column":4},"end":{"line":20,"column":43}},"17":{"start":{"line":25,"column":4},"end":{"line":25,"column":70}},"18":{"start":{"line":25,"column":21},"end":{"line":25,"column":70}},"19":{"start":{"line":26,"column":4},"end":{"line":26,"column":19}},"20":{"start":{"line":30,"column":30},"end":{"line":31,"column":46}},"21":{"start":{"line":31,"column":4},"end":{"line":31,"column":46}},"22":{"start":{"line":30,"column":13},"end":{"line":30,"column":30}},"23":{"start":{"line":35,"column":31},"end":{"line":35,"column":33}},"24":{"start":{"line":36,"column":29},"end":{"line":36,"column":31}},"25":{"start":{"line":37,"column":4},"end":{"line":40,"column":5}},"26":{"start":{"line":38,"column":8},"end":{"line":39,"column":42}},"27":{"start":{"line":38,"column":28},"end":{"line":38,"column":55}},"28":{"start":{"line":39,"column":13},"end":{"line":39,"column":42}},"29":{"start":{"line":41,"column":4},"end":{"line":41,"column":30}},"30":{"start":{"line":46,"column":4},"end":{"line":46,"column":102}},"31":{"start":{"line":46,"column":20},"end":{"line":46,"column":102}},"32":{"start":{"line":47,"column":4},"end":{"line":47,"column":13}},"33":{"start":{"line":52,"column":4},"end":{"line":52,"column":49}},"34":{"start":{"line":52,"column":20},"end":{"line":52,"column":49}},"35":{"start":{"line":53,"column":4},"end":{"line":53,"column":13}},"36":{"start":{"line":58,"column":4},"end":{"line":58,"column":38}},"37":{"start":{"line":58,"column":20},"end":{"line":58,"column":38}},"38":{"start":{"line":59,"column":4},"end":{"line":59,"column":13}},"39":{"start":{"line":64,"column":4},"end":{"line":64,"column":55}},"40":{"start":{"line":64,"column":20},"end":{"line":64,"column":55}},"41":{"start":{"line":65,"column":4},"end":{"line":65,"column":13}},"42":{"start":{"line":70,"column":4},"end":{"line":70,"column":44}},"43":{"start":{"line":70,"column":20},"end":{"line":70,"column":44}},"44":{"start":{"line":71,"column":4},"end":{"line":71,"column":13}},"45":{"start":{"line":76,"column":4},"end":{"line":76,"column":33}},"46":{"start":{"line":76,"column":21},"end":{"line":76,"column":33}},"47":{"start":{"line":77,"column":4},"end":{"line":77,"column":19}}},"fnMap":{"0":{"name":"(anonymous_0)","decl":{"start":{"line":9,"column":4},"end":{"line":9,"column":23}},"loc":{"start":{"line":9,"column":66},"end":{"line":12,"column":5}}},"1":{"name":"isValue","decl":{"start":{"line":15,"column":16},"end":{"line":15,"column":23}},"loc":{"start":{"line":15,"column":41},"end":{"line":17,"column":1}}},"2":{"name":"isErrors","decl":{"start":{"line":19,"column":16},"end":{"line":19,"column":24}},"loc":{"start":{"line":19,"column":42},"end":{"line":21,"column":1}}},"3":{"name":"valueOrThrow","decl":{"start":{"line":24,"column":16},"end":{"line":24,"column":28}},"loc":{"start":{"line":24,"column":46},"end":{"line":27,"column":1}}},"4":{"name":"(anonymous_4)","decl":{"start":{"line":30,"column":30},"end":{"line":30,"column":34}},"loc":{"start":{"line":31,"column":4},"end":{"line":31,"column":46}}},"5":{"name":"partitionNameAndErrorsOr","decl":{"start":{"line":34,"column":16},"end":{"line":34,"column":40}},"loc":{"start":{"line":34,"column":68},"end":{"line":42,"column":1}}},"6":{"name":"errorsOrThrow","decl":{"start":{"line":45,"column":16},"end":{"line":45,"column":29}},"loc":{"start":{"line":45,"column":47},"end":{"line":48,"column":1}}},"7":{"name":"mapErrorsOr","decl":{"start":{"line":51,"column":16},"end":{"line":51,"column":27}},"loc":{"start":{"line":51,"column":66},"end":{"line":54,"column":1}}},"8":{"name":"flatMapErrorsOr","decl":{"start":{"line":57,"column":16},"end":{"line":57,"column":31}},"loc":{"start":{"line":57,"column":80},"end":{"line":60,"column":1}}},"9":{"name":"mapErrorsOrK","decl":{"start":{"line":63,"column":22},"end":{"line":63,"column":34}},"loc":{"start":{"line":63,"column":82},"end":{"line":66,"column":1}}},"10":{"name":"flatMapErrorsOrK","decl":{"start":{"line":69,"column":22},"end":{"line":69,"column":38}},"loc":{"start":{"line":69,"column":96},"end":{"line":72,"column":1}}},"11":{"name":"recover","decl":{"start":{"line":75,"column":16},"end":{"line":75,"column":23}},"loc":{"start":{"line":75,"column":62},"end":{"line":78,"column":1}}}},"branchMap":{"0":{"loc":{"start":{"line":25,"column":4},"end":{"line":25,"column":70}},"type":"if","locations":[{"start":{"line":25,"column":4},"end":{"line":25,"column":70}}]},"1":{"loc":{"start":{"line":31,"column":4},"end":{"line":31,"column":46}},"type":"cond-expr","locations":[{"start":{"line":31,"column":24},"end":{"line":31,"column":36}},{"start":{"line":31,"column":39},"end":{"line":31,"column":46}}]},"2":{"loc":{"start":{"line":31,"column":4},"end":{"line":31,"column":21}},"type":"binary-expr","locations":[{"start":{"line":31,"column":4},"end":{"line":31,"column":15}},{"start":{"line":31,"column":19},"end":{"line":31,"column":21}}]},"3":{"loc":{"start":{"line":38,"column":8},"end":{"line":39,"column":42}},"type":"if","locations":[{"start":{"line":38,"column":8},"end":{"line":39,"column":42}},{"start":{"line":39,"column":13},"end":{"line":39,"column":42}}]},"4":{"loc":{"start":{"line":46,"column":4},"end":{"line":46,"column":102}},"type":"if","locations":[{"start":{"line":46,"column":4},"end":{"line":46,"column":102}}]},"5":{"loc":{"start":{"line":52,"column":4},"end":{"line":52,"column":49}},"type":"if","locations":[{"start":{"line":52,"column":4},"end":{"line":52,"column":49}}]},"6":{"loc":{"start":{"line":58,"column":4},"end":{"line":58,"column":38}},"type":"if","locations":[{"start":{"line":58,"column":4},"end":{"line":58,"column":38}}]},"7":{"loc":{"start":{"line":64,"column":4},"end":{"line":64,"column":55}},"type":"if","locations":[{"start":{"line":64,"column":4},"end":{"line":64,"column":55}}]},"8":{"loc":{"start":{"line":70,"column":4},"end":{"line":70,"column":44}},"type":"if","locations":[{"start":{"line":70,"column":4},"end":{"line":70,"column":44}}]},"9":{"loc":{"start":{"line":76,"column":4},"end":{"line":76,"column":33}},"type":"if","locations":[{"start":{"line":76,"column":4},"end":{"line":76,"column":33}}]}},"s":{"0":1,"1":1,"2":1,"3":1,"4":1,"5":1,"6":1,"7":1,"8":1,"9":1,"10":4,"11":4,"12":4,"13":4,"14":1,"15":13,"16":7,"17":3,"18":2,"19":1,"20":1,"21":0,"22":1,"23":0,"24":0,"25":0,"26":0,"27":0,"28":0,"29":0,"30":3,"31":2,"32":1,"33":2,"34":1,"35":1,"36":2,"37":1,"38":1,"39":2,"40":1,"41":1,"42":2,"43":1,"44":1,"45":2,"46":1,"47":1},"f":{"0":4,"1":13,"2":7,"3":3,"4":0,"5":0,"6":3,"7":2,"8":2,"9":2,"10":2,"11":2},"b":{"0":[2],"1":[0,0],"2":[0,0],"3":[0,0],"4":[2],"5":[1],"6":[1],"7":[1],"8":[1],"9":[1]}},"C:\\git\\usingrecoil\\modules\\data_plugin\\confluence_data_plugin\\src\\simple.confluence.display.tsx":{"path":"C:\\git\\usingrecoil\\modules\\data_plugin\\confluence_data_plugin\\src\\simple.confluence.display.tsx","statementMap":{"0":{"start":{"line":3,"column":0},"end":{"line":3,"column":26}},"1":{"start":{"line":4,"column":0},"end":{"line":4,"column":87}},"2":{"start":{"line":5,"column":0},"end":{"line":5,"column":58}},"3":{"start":{"line":6,"column":0},"end":{"line":6,"column":77}},"4":{"start":{"line":9,"column":4},"end":{"line":23,"column":5}},"5":{"start":{"line":10,"column":29},"end":{"line":10,"column":43}},"6":{"start":{"line":11,"column":41},"end":{"line":11,"column":70}},"7":{"start":{"line":13,"column":8},"end":{"line":22,"column":null}},"8":{"start":{"line":8,"column":13},"end":{"line":8,"column":null}},"9":{"start":{"line":27,"column":4},"end":{"line":29,"column":5}},"10":{"start":{"line":28,"column":8},"end":{"line":28,"column":null}},"11":{"start":{"line":26,"column":13},"end":{"line":26,"column":null}},"12":{"start":{"line":31,"column":13},"end":{"line":32,"column":null}}},"fnMap":{"0":{"name":"(anonymous_1)","decl":{"start":{"line":9,"column":4},"end":{"line":9,"column":5}},"loc":{"start":{"line":9,"column":53},"end":{"line":23,"column":5}}},"1":{"name":"(anonymous_2)","decl":{"start":{"line":27,"column":4},"end":{"line":27,"column":5}},"loc":{"start":{"line":27,"column":49},"end":{"line":29,"column":5}}}},"branchMap":{},"s":{"0":1,"1":1,"2":1,"3":1,"4":1,"5":1,"6":1,"7":1,"8":1,"9":1,"10":1,"11":1,"12":1},"f":{"0":1,"1":1},"b":{}},"C:\\git\\usingrecoil\\modules\\data_plugin\\jira_data_plugin\\src\\simple.jira.display.tsx":{"path":"C:\\git\\usingrecoil\\modules\\data_plugin\\jira_data_plugin\\src\\simple.jira.display.tsx","statementMap":{"0":{"start":{"line":1,"column":0},"end":{"line":1,"column":26}},"1":{"start":{"line":4,"column":0},"end":{"line":4,"column":87}},"2":{"start":{"line":5,"column":0},"end":{"line":5,"column":58}},"3":{"start":{"line":6,"column":0},"end":{"line":6,"column":77}},"4":{"start":{"line":9,"column":4},"end":{"line":22,"column":5}},"5":{"start":{"line":10,"column":48},"end":{"line":10,"column":62}},"6":{"start":{"line":11,"column":41},"end":{"line":11,"column":70}},"7":{"start":{"line":12,"column":8},"end":{"line":21,"column":null}},"8":{"start":{"line":8,"column":13},"end":{"line":8,"column":null}},"9":{"start":{"line":25,"column":4},"end":{"line":26,"column":47}},"10":{"start":{"line":26,"column":8},"end":{"line":26,"column":47}},"11":{"start":{"line":24,"column":13},"end":{"line":24,"column":null}},"12":{"start":{"line":28,"column":13},"end":{"line":32,"column":29}}},"fnMap":{"0":{"name":"(anonymous_1)","decl":{"start":{"line":9,"column":4},"end":{"line":9,"column":5}},"loc":{"start":{"line":9,"column":47},"end":{"line":22,"column":5}}},"1":{"name":"(anonymous_2)","decl":{"start":{"line":25,"column":4},"end":{"line":25,"column":5}},"loc":{"start":{"line":26,"column":8},"end":{"line":26,"column":47}}}},"branchMap":{},"s":{"0":1,"1":1,"2":1,"3":1,"4":1,"5":1,"6":1,"7":1,"8":1,"9":1,"10":1,"11":1,"12":1},"f":{"0":1,"1":1},"b":{}},"C:\\git\\usingrecoil\\modules\\renderers\\markdown_renderer\\src\\markdown.renderer.tsx":{"path":"C:\\git\\usingrecoil\\modules\\renderers\\markdown_renderer\\src\\markdown.renderer.tsx","statementMap":{"0":{"start":{"line":1,"column":0},"end":{"line":1,"column":26}},"1":{"start":{"line":2,"column":0},"end":{"line":2,"column":43}},"2":{"start":{"line":3,"column":0},"end":{"line":3,"column":82}},"3":{"start":{"line":5,"column":40},"end":{"line":13,"column":1}},"4":{"start":{"line":6,"column":4},"end":{"line":12,"column":6}},"5":{"start":{"line":5,"column":13},"end":{"line":5,"column":40}}},"fnMap":{"0":{"name":"(anonymous_1)","decl":{"start":{"line":5,"column":40},"end":{"line":5,"column":41}},"loc":{"start":{"line":5,"column":56},"end":{"line":13,"column":1}}}},"branchMap":{"0":{"loc":{"start":{"line":9,"column":83},"end":{"line":9,"column":94}},"type":"binary-expr","locations":[{"start":{"line":9,"column":83},"end":{"line":9,"column":88}},{"start":{"line":9,"column":92},"end":{"line":9,"column":94}}]}},"s":{"0":1,"1":1,"2":1,"3":1,"4":2,"5":1},"f":{"0":2},"b":{"0":[2,0]}},"C:\\git\\usingrecoil\\modules\\renderers\\html_renderer\\src\\simple.html.renderer.tsx":{"path":"C:\\git\\usingrecoil\\modules\\renderers\\html_renderer\\src\\simple.html.renderer.tsx","statementMap":{"0":{"start":{"line":1,"column":0},"end":{"line":1,"column":26}},"1":{"start":{"line":3,"column":0},"end":{"line":3,"column":34}},"2":{"start":{"line":4,"column":0},"end":{"line":4,"column":74}},"3":{"start":{"line":7,"column":42},"end":{"line":13,"column":1}},"4":{"start":{"line":8,"column":26},"end":{"line":8,"column":73}},"5":{"start":{"line":9,"column":19},"end":{"line":9,"column":32}},"6":{"start":{"line":10,"column":4},"end":{"line":12,"column":null}},"7":{"start":{"line":7,"column":13},"end":{"line":7,"column":42}}},"fnMap":{"0":{"name":"(anonymous_1)","decl":{"start":{"line":7,"column":42},"end":{"line":7,"column":43}},"loc":{"start":{"line":7,"column":58},"end":{"line":13,"column":1}}}},"branchMap":{"0":{"loc":{"start":{"line":8,"column":60},"end":{"line":8,"column":71}},"type":"binary-expr","locations":[{"start":{"line":8,"column":60},"end":{"line":8,"column":65}},{"start":{"line":8,"column":69},"end":{"line":8,"column":71}}]}},"s":{"0":1,"1":1,"2":1,"3":1,"4":6,"5":6,"6":6,"7":1},"f":{"0":6},"b":{"0":[6,1]}},"C:\\git\\usingrecoil\\modules\\authentication\\msal_authentication\\src\\msal.login.ts":{"path":"C:\\git\\usingrecoil\\modules\\authentication\\msal_authentication\\src\\msal.login.ts","statementMap":{"0":{"start":{"line":55,"column":0},"end":{"line":55,"column":16}},"1":{"start":{"line":11,"column":13},"end":{"line":14,"column":2}},"2":{"start":{"line":13,"column":17},"end":{"line":13,"column":null}},"3":{"start":{"line":13,"column":32},"end":{"line":13,"column":null}},"4":{"start":{"line":13,"column":33},"end":{"line":13,"column":null}},"5":{"start":{"line":16,"column":13},"end":{"line":19,"column":2}},"6":{"start":{"line":18,"column":21},"end":{"line":18,"column":62}},"7":{"start":{"line":18,"column":29},"end":{"line":18,"column":62}},"8":{"start":{"line":21,"column":13},"end":{"line":25,"column":2}},"9":{"start":{"line":23,"column":21},"end":{"line":24,"column":67}},"10":{"start":{"line":24,"column":8},"end":{"line":24,"column":67}},"11":{"start":{"line":27,"column":13},"end":{"line":33,"column":2}},"12":{"start":{"line":29,"column":21},"end":{"line":32,"column":null}},"13":{"start":{"line":29,"column":34},"end":{"line":32,"column":null}},"14":{"start":{"line":30,"column":8},"end":{"line":30,"column":77}},"15":{"start":{"line":31,"column":8},"end":{"line":31,"column":37}},"16":{"start":{"line":35,"column":13},"end":{"line":38,"column":null}},"17":{"start":{"line":37,"column":17},"end":{"line":37,"column":null}},"18":{"start":{"line":37,"column":28},"end":{"line":37,"column":null}},"19":{"start":{"line":37,"column":29},"end":{"line":37,"column":null}},"20":{"start":{"line":42,"column":4},"end":{"line":43,"column":91}},"21":{"start":{"line":43,"column":8},"end":{"line":43,"column":91}},"22":{"start":{"line":41,"column":13},"end":{"line":41,"column":null}},"23":{"start":{"line":47,"column":4},"end":{"line":48,"column":73}},"24":{"start":{"line":48,"column":8},"end":{"line":48,"column":73}},"25":{"start":{"line":46,"column":13},"end":{"line":46,"column":null}},"26":{"start":{"line":56,"column":25},"end":{"line":56,"column":34}},"27":{"start":{"line":57,"column":4},"end":{"line":80,"column":null}},"28":{"start":{"line":57,"column":35},"end":{"line":80,"column":null}},"29":{"start":{"line":58,"column":8},"end":{"line":73,"column":9}},"30":{"start":{"line":59,"column":12},"end":{"line":59,"column":null}},"31":{"start":{"line":60,"column":12},"end":{"line":72,"column":13}},"32":{"start":{"line":61,"column":16},"end":{"line":61,"column":null}},"33":{"start":{"line":62,"column":31},"end":{"line":62,"column":71}},"34":{"start":{"line":63,"column":16},"end":{"line":67,"column":17}},"35":{"start":{"line":64,"column":20},"end":{"line":64,"column":74}},"36":{"start":{"line":65,"column":20},"end":{"line":65,"column":58}},"37":{"start":{"line":66,"column":20},"end":{"line":66,"column":34}},"38":{"start":{"line":69,"column":16},"end":{"line":69,"column":80}},"39":{"start":{"line":71,"column":16},"end":{"line":71,"column":null}},"40":{"start":{"line":75,"column":22},"end":{"line":75,"column":56}},"41":{"start":{"line":75,"column":38},"end":{"line":75,"column":44}},"42":{"start":{"line":76,"column":8},"end":{"line":77,"column":132}},"43":{"start":{"line":77,"column":12},"end":{"line":77,"column":132}},"44":{"start":{"line":78,"column":8},"end":{"line":78,"column":95}},"45":{"start":{"line":79,"column":8},"end":{"line":79,"column":20}}},"fnMap":{"0":{"name":"(anonymous_7)","decl":{"start":{"line":13,"column":11},"end":{"line":13,"column":14}},"loc":{"start":{"line":13,"column":17},"end":{"line":13,"column":null}}},"1":{"name":"(anonymous_8)","decl":{"start":{"line":13,"column":17},"end":{"line":13,"column":24}},"loc":{"start":{"line":13,"column":32},"end":{"line":13,"column":null}}},"2":{"name":"(anonymous_9)","decl":{"start":{"line":13,"column":32},"end":{"line":13,"column":33}},"loc":{"start":{"line":13,"column":32},"end":{"line":13,"column":null}}},"3":{"name":"(anonymous_10)","decl":{"start":{"line":18,"column":11},"end":{"line":18,"column":17}},"loc":{"start":{"line":18,"column":21},"end":{"line":18,"column":62}}},"4":{"name":"(anonymous_11)","decl":{"start":{"line":18,"column":21},"end":{"line":18,"column":25}},"loc":{"start":{"line":18,"column":29},"end":{"line":18,"column":62}}},"5":{"name":"(anonymous_12)","decl":{"start":{"line":23,"column":11},"end":{"line":23,"column":17}},"loc":{"start":{"line":23,"column":21},"end":{"line":24,"column":67}}},"6":{"name":"(anonymous_13)","decl":{"start":{"line":23,"column":21},"end":{"line":23,"column":25}},"loc":{"start":{"line":24,"column":8},"end":{"line":24,"column":67}}},"7":{"name":"(anonymous_14)","decl":{"start":{"line":29,"column":11},"end":{"line":29,"column":17}},"loc":{"start":{"line":29,"column":21},"end":{"line":32,"column":null}}},"8":{"name":"(anonymous_15)","decl":{"start":{"line":29,"column":21},"end":{"line":29,"column":27}},"loc":{"start":{"line":29,"column":34},"end":{"line":32,"column":null}}},"9":{"name":"(anonymous_16)","decl":{"start":{"line":29,"column":34},"end":{"line":29,"column":null}},"loc":{"start":{"line":29,"column":34},"end":{"line":32,"column":5}}},"10":{"name":"(anonymous_17)","decl":{"start":{"line":37,"column":11},"end":{"line":37,"column":14}},"loc":{"start":{"line":37,"column":17},"end":{"line":37,"column":null}}},"11":{"name":"(anonymous_18)","decl":{"start":{"line":37,"column":17},"end":{"line":37,"column":26}},"loc":{"start":{"line":37,"column":28},"end":{"line":37,"column":null}}},"12":{"name":"(anonymous_19)","decl":{"start":{"line":37,"column":28},"end":{"line":37,"column":29}},"loc":{"start":{"line":37,"column":28},"end":{"line":37,"column":null}}},"13":{"name":"(anonymous_20)","decl":{"start":{"line":42,"column":4},"end":{"line":42,"column":5}},"loc":{"start":{"line":43,"column":8},"end":{"line":43,"column":91}}},"14":{"name":"(anonymous_21)","decl":{"start":{"line":47,"column":4},"end":{"line":47,"column":5}},"loc":{"start":{"line":48,"column":8},"end":{"line":48,"column":73}}},"15":{"name":"chainLogin","decl":{"start":{"line":55,"column":16},"end":{"line":55,"column":26}},"loc":{"start":{"line":55,"column":80},"end":{"line":81,"column":1}}},"16":{"name":"(anonymous_23)","decl":{"start":{"line":57,"column":11},"end":{"line":57,"column":18}},"loc":{"start":{"line":57,"column":35},"end":{"line":80,"column":null}}},"17":{"name":"(anonymous_24)","decl":{"start":{"line":57,"column":35},"end":{"line":57,"column":null}},"loc":{"start":{"line":57,"column":35},"end":{"line":80,"column":5}}},"18":{"name":"(anonymous_25)","decl":{"start":{"line":75,"column":33},"end":{"line":75,"column":34}},"loc":{"start":{"line":75,"column":38},"end":{"line":75,"column":44}}}},"branchMap":{"0":{"loc":{"start":{"line":63,"column":16},"end":{"line":67,"column":17}},"type":"if","locations":[{"start":{"line":63,"column":16},"end":{"line":67,"column":17}}]},"1":{"loc":{"start":{"line":76,"column":8},"end":{"line":77,"column":132}},"type":"if","locations":[{"start":{"line":76,"column":8},"end":{"line":77,"column":132}}]}},"s":{"0":2,"1":2,"2":1,"3":1,"4":1,"5":2,"6":5,"7":5,"8":2,"9":3,"10":3,"11":2,"12":1,"13":1,"14":1,"15":1,"16":2,"17":1,"18":1,"19":1,"20":2,"21":0,"22":2,"23":2,"24":0,"25":2,"26":5,"27":5,"28":5,"29":5,"30":7,"31":7,"32":7,"33":7,"34":4,"35":3,"36":3,"37":3,"38":3,"39":3,"40":2,"41":3,"42":2,"43":1,"44":2,"45":2},"f":{"0":1,"1":1,"2":1,"3":5,"4":5,"5":3,"6":3,"7":1,"8":1,"9":1,"10":1,"11":1,"12":1,"13":0,"14":0,"15":5,"16":5,"17":5,"18":3},"b":{"0":[3],"1":[1]}},"C:\\git\\usingrecoil\\modules\\authentication\\msal_authentication\\src\\msal.loginops.ts":{"path":"C:\\git\\usingrecoil\\modules\\authentication\\msal_authentication\\src\\msal.loginops.ts","statementMap":{"0":{"start":{"line":28,"column":0},"end":{"line":28,"column":16}},"1":{"start":{"line":2,"column":0},"end":{"line":2,"column":70}},"2":{"start":{"line":3,"column":0},"end":{"line":3,"column":53}},"3":{"start":{"line":35,"column":30},"end":{"line":43,"column":6}},"4":{"start":{"line":35,"column":56},"end":{"line":43,"column":6}},"5":{"start":{"line":36,"column":8},"end":{"line":36,"column":null}},"6":{"start":{"line":37,"column":25},"end":{"line":37,"column":46}},"7":{"start":{"line":38,"column":25},"end":{"line":38,"column":36}},"8":{"start":{"line":39,"column":8},"end":{"line":39,"column":54}},"9":{"start":{"line":39,"column":22},"end":{"line":39,"column":54}},"10":{"start":{"line":40,"column":8},"end":{"line":40,"column":46}},"11":{"start":{"line":41,"column":8},"end":{"line":41,"column":null}},"12":{"start":{"line":42,"column":8},"end":{"line":42,"column":null}},"13":{"start":{"line":44,"column":31},"end":{"line":54,"column":6}},"14":{"start":{"line":44,"column":57},"end":{"line":54,"column":6}},"15":{"start":{"line":45,"column":25},"end":{"line":45,"column":46}},"16":{"start":{"line":46,"column":24},"end":{"line":46,"column":35}},"17":{"start":{"line":47,"column":8},"end":{"line":49,"column":9}},"18":{"start":{"line":48,"column":12},"end":{"line":48,"column":19}},"19":{"start":{"line":50,"column":8},"end":{"line":50,"column":null}},"20":{"start":{"line":51,"column":8},"end":{"line":51,"column":null}},"21":{"start":{"line":52,"column":8},"end":{"line":52,"column":19}},"22":{"start":{"line":53,"column":8},"end":{"line":53,"column":null}},"23":{"start":{"line":56,"column":36},"end":{"line":61,"column":6}},"24":{"start":{"line":56,"column":62},"end":{"line":61,"column":6}},"25":{"start":{"line":57,"column":8},"end":{"line":57,"column":null}},"26":{"start":{"line":58,"column":8},"end":{"line":58,"column":null}},"27":{"start":{"line":59,"column":8},"end":{"line":59,"column":null}},"28":{"start":{"line":60,"column":8},"end":{"line":60,"column":null}},"29":{"start":{"line":63,"column":43},"end":{"line":72,"column":5}},"30":{"start":{"line":64,"column":25},"end":{"line":64,"column":46}},"31":{"start":{"line":65,"column":24},"end":{"line":65,"column":35}},"32":{"start":{"line":66,"column":25},"end":{"line":66,"column":34}},"33":{"start":{"line":67,"column":22},"end":{"line":67,"column":53}},"34":{"start":{"line":68,"column":22},"end":{"line":68,"column":67}},"35":{"start":{"line":69,"column":24},"end":{"line":69,"column":67}},"36":{"start":{"line":70,"column":35},"end":{"line":70,"column":68}},"37":{"start":{"line":71,"column":8},"end":{"line":71,"column":24}},"38":{"start":{"line":73,"column":4},"end":{"line":73,"column":70}}},"fnMap":{"0":{"name":"loginUsingMsal","decl":{"start":{"line":28,"column":16},"end":{"line":28,"column":30}},"loc":{"start":{"line":34,"column":49},"end":{"line":74,"column":1}}},"1":{"name":"(anonymous_8)","decl":{"start":{"line":35,"column":30},"end":{"line":35,"column":37}},"loc":{"start":{"line":35,"column":56},"end":{"line":43,"column":6}}},"2":{"name":"(anonymous_9)","decl":{"start":{"line":35,"column":56},"end":{"line":35,"column":null}},"loc":{"start":{"line":35,"column":56},"end":{"line":43,"column":5}}},"3":{"name":"(anonymous_10)","decl":{"start":{"line":44,"column":31},"end":{"line":44,"column":38}},"loc":{"start":{"line":44,"column":57},"end":{"line":54,"column":6}}},"4":{"name":"(anonymous_11)","decl":{"start":{"line":44,"column":57},"end":{"line":44,"column":null}},"loc":{"start":{"line":44,"column":57},"end":{"line":54,"column":5}}},"5":{"name":"(anonymous_12)","decl":{"start":{"line":56,"column":36},"end":{"line":56,"column":43}},"loc":{"start":{"line":56,"column":62},"end":{"line":61,"column":6}}},"6":{"name":"(anonymous_13)","decl":{"start":{"line":56,"column":62},"end":{"line":56,"column":null}},"loc":{"start":{"line":56,"column":62},"end":{"line":61,"column":5}}},"7":{"name":"(anonymous_14)","decl":{"start":{"line":63,"column":43},"end":{"line":63,"column":46}},"loc":{"start":{"line":63,"column":48},"end":{"line":72,"column":5}}}},"branchMap":{"0":{"loc":{"start":{"line":30,"column":35},"end":{"line":30,"column":96}},"type":"default-arg","locations":[{"start":{"line":30,"column":44},"end":{"line":30,"column":96}}]},"1":{"loc":{"start":{"line":31,"column":35},"end":{"line":31,"column":57}},"type":"default-arg","locations":[{"start":{"line":31,"column":48},"end":{"line":31,"column":57}}]},"2":{"loc":{"start":{"line":32,"column":35},"end":{"line":32,"column":59}},"type":"default-arg","locations":[{"start":{"line":32,"column":49},"end":{"line":32,"column":59}}]},"3":{"loc":{"start":{"line":39,"column":8},"end":{"line":39,"column":54}},"type":"if","locations":[{"start":{"line":39,"column":8},"end":{"line":39,"column":54}}]},"4":{"loc":{"start":{"line":47,"column":8},"end":{"line":49,"column":9}},"type":"if","locations":[{"start":{"line":47,"column":8},"end":{"line":49,"column":9}}]},"5":{"loc":{"start":{"line":67,"column":22},"end":{"line":67,"column":53}},"type":"cond-expr","locations":[{"start":{"line":67,"column":32},"end":{"line":67,"column":48}},{"start":{"line":67,"column":51},"end":{"line":67,"column":53}}]}},"s":{"0":1,"1":1,"2":1,"3":6,"4":3,"5":3,"6":3,"7":3,"8":3,"9":1,"10":3,"11":3,"12":3,"13":6,"14":2,"15":2,"16":2,"17":2,"18":1,"19":1,"20":1,"21":1,"22":1,"23":6,"24":0,"25":0,"26":0,"27":0,"28":0,"29":6,"30":2,"31":2,"32":2,"33":2,"34":2,"35":2,"36":2,"37":2,"38":6},"f":{"0":6,"1":3,"2":3,"3":2,"4":2,"5":0,"6":0,"7":2},"b":{"0":[5],"1":[3],"2":[3],"3":[1],"4":[1],"5":[1,1]}},"C:\\git\\usingrecoil\\modules\\authentication\\msal_authentication\\src\\msal.logout.ts":{"path":"C:\\git\\usingrecoil\\modules\\authentication\\msal_authentication\\src\\msal.logout.ts","statementMap":{"0":{"start":{"line":33,"column":0},"end":{"line":33,"column":16}},"1":{"start":{"line":8,"column":13},"end":{"line":11,"column":null}},"2":{"start":{"line":10,"column":31},"end":{"line":10,"column":58}},"3":{"start":{"line":13,"column":13},"end":{"line":17,"column":null}},"4":{"start":{"line":15,"column":36},"end":{"line":16,"column":null}},"5":{"start":{"line":16,"column":9},"end":{"line":16,"column":null}},"6":{"start":{"line":19,"column":13},"end":{"line":22,"column":2}},"7":{"start":{"line":21,"column":31},"end":{"line":21,"column":57}},"8":{"start":{"line":25,"column":13},"end":{"line":26,"column":63}},"9":{"start":{"line":34,"column":25},"end":{"line":34,"column":34}},"10":{"start":{"line":35,"column":4},"end":{"line":49,"column":null}},"11":{"start":{"line":36,"column":30},"end":{"line":36,"column":36}},"12":{"start":{"line":37,"column":40},"end":{"line":48,"column":null}},"13":{"start":{"line":38,"column":12},"end":{"line":46,"column":13}},"14":{"start":{"line":39,"column":16},"end":{"line":45,"column":17}},"15":{"start":{"line":40,"column":20},"end":{"line":40,"column":54}},"16":{"start":{"line":41,"column":20},"end":{"line":41,"column":71}},"17":{"start":{"line":42,"column":20},"end":{"line":42,"column":27}},"18":{"start":{"line":44,"column":20},"end":{"line":44,"column":34}},"19":{"start":{"line":47,"column":12},"end":{"line":47,"column":28}}},"fnMap":{"0":{"name":"(anonymous_7)","decl":{"start":{"line":10,"column":12},"end":{"line":10,"column":13}},"loc":{"start":{"line":10,"column":31},"end":{"line":10,"column":58}}},"1":{"name":"(anonymous_8)","decl":{"start":{"line":15,"column":12},"end":{"line":15,"column":19}},"loc":{"start":{"line":15,"column":36},"end":{"line":16,"column":null}}},"2":{"name":"(anonymous_9)","decl":{"start":{"line":15,"column":36},"end":{"line":15,"column":null}},"loc":{"start":{"line":15,"column":36},"end":{"line":16,"column":null}}},"3":{"name":"(anonymous_10)","decl":{"start":{"line":21,"column":12},"end":{"line":21,"column":13}},"loc":{"start":{"line":21,"column":31},"end":{"line":21,"column":57}}},"4":{"name":"chainLogout","decl":{"start":{"line":33,"column":16},"end":{"line":33,"column":27}},"loc":{"start":{"line":33,"column":51},"end":{"line":50,"column":1}}},"5":{"name":"(anonymous_12)","decl":{"start":{"line":36,"column":25},"end":{"line":36,"column":26}},"loc":{"start":{"line":36,"column":30},"end":{"line":36,"column":36}}},"6":{"name":"(anonymous_13)","decl":{"start":{"line":37,"column":16},"end":{"line":37,"column":23}},"loc":{"start":{"line":37,"column":40},"end":{"line":48,"column":null}}},"7":{"name":"(anonymous_14)","decl":{"start":{"line":37,"column":40},"end":{"line":37,"column":null}},"loc":{"start":{"line":37,"column":40},"end":{"line":48,"column":9}}}},"branchMap":{},"s":{"0":2,"1":2,"2":2,"3":2,"4":2,"5":2,"6":2,"7":2,"8":2,"9":6,"10":6,"11":18,"12":4,"13":4,"14":9,"15":9,"16":2,"17":2,"18":7,"19":2},"f":{"0":2,"1":2,"2":2,"3":2,"4":6,"5":18,"6":4,"7":4},"b":{}},"C:\\git\\usingrecoil\\modules\\components\\navbar\\src\\simple.navbar.item.tsx":{"path":"C:\\git\\usingrecoil\\modules\\components\\navbar\\src\\simple.navbar.item.tsx","statementMap":{"0":{"start":{"line":2,"column":0},"end":{"line":2,"column":43}},"1":{"start":{"line":3,"column":0},"end":{"line":3,"column":62}},"2":{"start":{"line":5,"column":13},"end":{"line":10,"column":null}},"3":{"start":{"line":11,"column":32},"end":{"line":15,"column":null}},"4":{"start":{"line":18,"column":13},"end":{"line":22,"column":null}},"5":{"start":{"line":29,"column":13},"end":{"line":32,"column":null}},"6":{"start":{"line":33,"column":29},"end":{"line":39,"column":5}},"7":{"start":{"line":34,"column":4},"end":{"line":39,"column":5}},"8":{"start":{"line":35,"column":40},"end":{"line":35,"column":51}},"9":{"start":{"line":36,"column":26},"end":{"line":36,"column":42}},"10":{"start":{"line":37,"column":29},"end":{"line":37,"column":49}},"11":{"start":{"line":38,"column":8},"end":{"line":38,"column":154}},"12":{"start":{"line":38,"column":99},"end":{"line":38,"column":117}},"13":{"start":{"line":33,"column":13},"end":{"line":33,"column":29}}},"fnMap":{"0":{"name":"(anonymous_1)","decl":{"start":{"line":33,"column":29},"end":{"line":33,"column":30}},"loc":{"start":{"line":34,"column":4},"end":{"line":39,"column":5}}},"1":{"name":"(anonymous_2)","decl":{"start":{"line":34,"column":4},"end":{"line":34,"column":5}},"loc":{"start":{"line":34,"column":46},"end":{"line":39,"column":5}}},"2":{"name":"(anonymous_3)","decl":{"start":{"line":38,"column":93},"end":{"line":38,"column":96}},"loc":{"start":{"line":38,"column":99},"end":{"line":38,"column":117}}}},"branchMap":{"0":{"loc":{"start":{"line":33,"column":45},"end":{"line":33,"column":115}},"type":"default-arg","locations":[{"start":{"line":33,"column":95},"end":{"line":33,"column":115}}]},"1":{"loc":{"start":{"line":38,"column":30},"end":{"line":38,"column":82}},"type":"cond-expr","locations":[{"start":{"line":38,"column":51},"end":{"line":38,"column":64}},{"start":{"line":38,"column":67},"end":{"line":38,"column":82}}]}},"s":{"0":1,"1":1,"2":1,"3":1,"4":1,"5":1,"6":1,"7":4,"8":12,"9":12,"10":12,"11":12,"12":1,"13":1},"f":{"0":4,"1":12,"2":1},"b":{"0":[0],"1":[4,8]}},"C:\\git\\usingrecoil\\modules\\utils\\optics\\src\\lens.serialisation.ts":{"path":"C:\\git\\usingrecoil\\modules\\utils\\optics\\src\\lens.serialisation.ts","statementMap":{"0":{"start":{"line":5,"column":0},"end":{"line":5,"column":16}},"1":{"start":{"line":61,"column":0},"end":{"line":61,"column":16}},"2":{"start":{"line":125,"column":0},"end":{"line":125,"column":16}},"3":{"start":{"line":130,"column":0},"end":{"line":130,"column":16}},"4":{"start":{"line":152,"column":0},"end":{"line":152,"column":16}},"5":{"start":{"line":1,"column":0},"end":{"line":1,"column":120}},"6":{"start":{"line":6,"column":28},"end":{"line":6,"column":30}},"7":{"start":{"line":7,"column":12},"end":{"line":7,"column":13}},"8":{"start":{"line":8,"column":20},"end":{"line":8,"column":64}},"9":{"start":{"line":8,"column":38},"end":{"line":8,"column":64}},"10":{"start":{"line":10,"column":4},"end":{"line":56,"column":5}},"11":{"start":{"line":11,"column":21},"end":{"line":11,"column":34}},"12":{"start":{"line":13,"column":8},"end":{"line":55,"column":9}},"13":{"start":{"line":14,"column":12},"end":{"line":14,"column":30}},"14":{"start":{"line":15,"column":12},"end":{"line":15,"column":16}},"15":{"start":{"line":16,"column":15},"end":{"line":55,"column":9}},"16":{"start":{"line":18,"column":12},"end":{"line":28,"column":13}},"17":{"start":{"line":19,"column":33},"end":{"line":19,"column":50}},"18":{"start":{"line":20,"column":16},"end":{"line":25,"column":17}},"19":{"start":{"line":21,"column":20},"end":{"line":21,"column":42}},"20":{"start":{"line":22,"column":20},"end":{"line":22,"column":27}},"21":{"start":{"line":24,"column":20},"end":{"line":24,"column":80}},"22":{"start":{"line":27,"column":16},"end":{"line":27,"column":79}},"23":{"start":{"line":29,"column":15},"end":{"line":55,"column":9}},"24":{"start":{"line":31,"column":22},"end":{"line":31,"column":26}},"25":{"start":{"line":32,"column":12},"end":{"line":32,"column":16}},"26":{"start":{"line":33,"column":12},"end":{"line":36,"column":13}},"27":{"start":{"line":34,"column":16},"end":{"line":34,"column":37}},"28":{"start":{"line":35,"column":16},"end":{"line":35,"column":20}},"29":{"start":{"line":37,"column":12},"end":{"line":37,"column":43}},"30":{"start":{"line":38,"column":15},"end":{"line":55,"column":9}},"31":{"start":{"line":40,"column":22},"end":{"line":40,"column":24}},"32":{"start":{"line":41,"column":12},"end":{"line":48,"column":13}},"33":{"start":{"line":42,"column":16},"end":{"line":46,"column":17}},"34":{"start":{"line":43,"column":20},"end":{"line":43,"column":43}},"35":{"start":{"line":45,"column":20},"end":{"line":45,"column":41}},"36":{"start":{"line":47,"column":16},"end":{"line":47,"column":20}},"37":{"start":{"line":49,"column":12},"end":{"line":49,"column":29}},"38":{"start":{"line":50,"column":15},"end":{"line":55,"column":9}},"39":{"start":{"line":52,"column":12},"end":{"line":52,"column":16}},"40":{"start":{"line":54,"column":12},"end":{"line":54,"column":79}},"41":{"start":{"line":58,"column":4},"end":{"line":58,"column":18}},"42":{"start":{"line":62,"column":16},"end":{"line":62,"column":17}},"43":{"start":{"line":64,"column":26},"end":{"line":82,"column":5}},"44":{"start":{"line":65,"column":31},"end":{"line":65,"column":33}},"45":{"start":{"line":66,"column":8},"end":{"line":80,"column":9}},"46":{"start":{"line":67,"column":26},"end":{"line":67,"column":41}},"47":{"start":{"line":68,"column":12},"end":{"line":79,"column":13}},"48":{"start":{"line":69,"column":16},"end":{"line":69,"column":24}},"49":{"start":{"line":70,"column":16},"end":{"line":70,"column":28}},"50":{"start":{"line":71,"column":19},"end":{"line":79,"column":13}},"51":{"start":{"line":72,"column":16},"end":{"line":72,"column":47}},"52":{"start":{"line":73,"column":19},"end":{"line":79,"column":13}},"53":{"start":{"line":75,"column":16},"end":{"line":75,"column":33}},"54":{"start":{"line":78,"column":16},"end":{"line":78,"column":84}},"55":{"start":{"line":81,"column":8},"end":{"line":81,"column":20}},"56":{"start":{"line":84,"column":30},"end":{"line":116,"column":5}},"57":{"start":{"line":85,"column":55},"end":{"line":85,"column":57}},"58":{"start":{"line":86,"column":25},"end":{"line":86,"column":30}},"59":{"start":{"line":87,"column":8},"end":{"line":114,"column":9}},"60":{"start":{"line":88,"column":29},"end":{"line":88,"column":44}},"61":{"start":{"line":89,"column":12},"end":{"line":91,"column":13}},"62":{"start":{"line":90,"column":16},"end":{"line":90,"column":95}},"63":{"start":{"line":92,"column":12},"end":{"line":92,"column":89}},"64":{"start":{"line":92,"column":34},"end":{"line":92,"column":89}},"65":{"start":{"line":93,"column":12},"end":{"line":93,"column":89}},"66":{"start":{"line":93,"column":34},"end":{"line":93,"column":89}},"67":{"start":{"line":95,"column":12},"end":{"line":97,"column":13}},"68":{"start":{"line":96,"column":16},"end":{"line":96,"column":96}},"69":{"start":{"line":99,"column":26},"end":{"line":99,"column":41}},"70":{"start":{"line":100,"column":12},"end":{"line":100,"column":43}},"71":{"start":{"line":101,"column":12},"end":{"line":108,"column":13}},"72":{"start":{"line":102,"column":16},"end":{"line":102,"column":24}},"73":{"start":{"line":103,"column":16},"end":{"line":103,"column":25}},"74":{"start":{"line":104,"column":19},"end":{"line":108,"column":13}},"75":{"start":{"line":106,"column":16},"end":{"line":106,"column":24}},"76":{"start":{"line":107,"column":16},"end":{"line":107,"column":36}},"77":{"start":{"line":109,"column":12},"end":{"line":113,"column":13}},"78":{"start":{"line":110,"column":16},"end":{"line":110,"column":111}},"79":{"start":{"line":112,"column":16},"end":{"line":112,"column":100}},"80":{"start":{"line":115,"column":8},"end":{"line":115,"column":116}},"81":{"start":{"line":118,"column":19},"end":{"line":118,"column":34}},"82":{"start":{"line":119,"column":4},"end":{"line":121,"column":5}},"83":{"start":{"line":120,"column":8},"end":{"line":120,"column":76}},"84":{"start":{"line":122,"column":4},"end":{"line":122,"column":18}},"85":{"start":{"line":126,"column":19},"end":{"line":126,"column":43}},"86":{"start":{"line":127,"column":4},"end":{"line":127,"column":31}},"87":{"start":{"line":131,"column":24},"end":{"line":131,"column":84}},"88":{"start":{"line":131,"column":51},"end":{"line":131,"column":84}},"89":{"start":{"line":133,"column":26},"end":{"line":147,"column":5}},"90":{"start":{"line":134,"column":8},"end":{"line":136,"column":9}},"91":{"start":{"line":135,"column":12},"end":{"line":135,"column":37}},"92":{"start":{"line":137,"column":8},"end":{"line":139,"column":9}},"93":{"start":{"line":138,"column":12},"end":{"line":138,"column":35}},"94":{"start":{"line":140,"column":8},"end":{"line":145,"column":9}},"95":{"start":{"line":141,"column":28},"end":{"line":142,"column":null}},"96":{"start":{"line":142,"column":34},"end":{"line":142,"column":79}},"97":{"start":{"line":144,"column":12},"end":{"line":144,"column":44}},"98":{"start":{"line":146,"column":8},"end":{"line":146,"column":48}},"99":{"start":{"line":149,"column":4},"end":{"line":149,"column":45}},"100":{"start":{"line":154,"column":22},"end":{"line":168,"column":5}},"101":{"start":{"line":155,"column":8},"end":{"line":167,"column":9}},"102":{"start":{"line":156,"column":12},"end":{"line":156,"column":41}},"103":{"start":{"line":157,"column":15},"end":{"line":167,"column":9}},"104":{"start":{"line":158,"column":12},"end":{"line":158,"column":41}},"105":{"start":{"line":159,"column":15},"end":{"line":167,"column":9}},"106":{"start":{"line":160,"column":71},"end":{"line":160,"column":73}},"107":{"start":{"line":161,"column":12},"end":{"line":163,"column":13}},"108":{"start":{"line":162,"column":16},"end":{"line":162,"column":57}},"109":{"start":{"line":164,"column":12},"end":{"line":164,"column":52}},"110":{"start":{"line":166,"column":12},"end":{"line":166,"column":65}},"111":{"start":{"line":170,"column":4},"end":{"line":172,"column":5}},"112":{"start":{"line":171,"column":8},"end":{"line":171,"column":31}},"113":{"start":{"line":173,"column":4},"end":{"line":173,"column":56}}},"fnMap":{"0":{"name":"tokenizePath","decl":{"start":{"line":5,"column":16},"end":{"line":5,"column":28}},"loc":{"start":{"line":5,"column":47},"end":{"line":59,"column":1}}},"1":{"name":"(anonymous_1)","decl":{"start":{"line":8,"column":20},"end":{"line":8,"column":21}},"loc":{"start":{"line":8,"column":38},"end":{"line":8,"column":64}}},"2":{"name":"parseTokens","decl":{"start":{"line":61,"column":16},"end":{"line":61,"column":27}},"loc":{"start":{"line":61,"column":43},"end":{"line":123,"column":1}}},"3":{"name":"(anonymous_3)","decl":{"start":{"line":64,"column":26},"end":{"line":64,"column":39}},"loc":{"start":{"line":64,"column":41},"end":{"line":82,"column":5}}},"4":{"name":"(anonymous_4)","decl":{"start":{"line":84,"column":30},"end":{"line":84,"column":59}},"loc":{"start":{"line":84,"column":61},"end":{"line":116,"column":5}}},"5":{"name":"parseLens","decl":{"start":{"line":125,"column":16},"end":{"line":125,"column":25}},"loc":{"start":{"line":125,"column":44},"end":{"line":128,"column":1}}},"6":{"name":"serializeLens","decl":{"start":{"line":130,"column":16},"end":{"line":130,"column":29}},"loc":
[...]
"end":{"line":3,"column":99}},"5":{"start":{"line":4,"column":0},"end":{"line":4,"column":75}},"6":{"start":{"line":5,"column":0},"end":{"line":5,"column":58}},"7":{"start":{"line":6,"column":0},"end":{"line":6,"column":105}},"8":{"start":{"line":7,"column":0},"end":{"line":7,"column":54}},"9":{"start":{"line":8,"column":0},"end":{"line":8,"column":104}},"10":{"start":{"line":9,"column":0},"end":{"line":9,"column":69}},"11":{"start":{"line":12,"column":13},"end":{"line":12,"column":null}},"12":{"start":{"line":19,"column":15},"end":{"line":19,"column":61}},"13":{"start":{"line":22,"column":18},"end":{"line":22,"column":39}},"14":{"start":{"line":23,"column":26},"end":{"line":23,"column":44}},"15":{"start":{"line":24,"column":23},"end":{"line":24,"column":38}},"16":{"start":{"line":25,"column":22},"end":{"line":25,"column":36}},"17":{"start":{"line":26,"column":22},"end":{"line":26,"column":56}},"18":{"start":{"line":27,"column":30},"end":{"line":27,"column":52}},"19":{"start":{"line":28,"column":46},"end":{"line":28,"column":77}},"20":{"start":{"line":29,"column":21},"end":{"line":29,"column":30}},"21":{"start":{"line":30,"column":27},"end":{"line":30,"column":51}},"22":{"start":{"line":32,"column":4},"end":{"line":61,"column":null}},"23":{"start":{"line":33,"column":25},"end":{"line":33,"column":48}},"24":{"start":{"line":34,"column":55},"end":{"line":34,"column":111}},"25":{"start":{"line":36,"column":8},"end":{"line":36,"column":67}},"26":{"start":{"line":36,"column":61},"end":{"line":36,"column":67}},"27":{"start":{"line":37,"column":26},"end":{"line":37,"column":46}},"28":{"start":{"line":41,"column":8},"end":{"line":41,"column":null}},"29":{"start":{"line":42,"column":8},"end":{"line":42,"column":null}},"30":{"start":{"line":43,"column":8},"end":{"line":43,"column":null}},"31":{"start":{"line":44,"column":56},"end":{"line":44,"column":156}},"32":{"start":{"line":45,"column":8},"end":{"line":60,"column":9}},"33":{"start":{"line":46,"column":12},"end":{"line":59,"column":null}},"34":{"start":{"line":47,"column":16},"end":{"line":47,"column":218}},"35":{"start":{"line":47,"column":52},"end":{"line":47,"column":218}},"36":{"start":{"line":48,"column":29},"end":{"line":48,"column":118}},"37":{"start":{"line":49,"column":16},"end":{"line":53,"column":null}},"38":{"start":{"line":50,"column":35},"end":{"line":50,"column":53}},"39":{"start":{"line":51,"column":20},"end":{"line":51,"column":null}},"40":{"start":{"line":52,"column":20},"end":{"line":52,"column":34}},"41":{"start":{"line":54,"column":16},"end":{"line":54,"column":null}},"42":{"start":{"line":57,"column":16},"end":{"line":57,"column":94}},"43":{"start":{"line":58,"column":16},"end":{"line":58,"column":60}},"44":{"start":{"line":66,"column":4},"end":{"line":67,"column":null}},"45":{"start":{"line":67,"column":8},"end":{"line":67,"column":null}},"46":{"start":{"line":68,"column":4},"end":{"line":68,"column":null}},"47":{"start":{"line":79,"column":52},"end":{"line":79,"column":54}},"48":{"start":{"line":80,"column":20},"end":{"line":80,"column":38}},"49":{"start":{"line":81,"column":4},"end":{"line":81,"column":null}},"50":{"start":{"line":82,"column":4},"end":{"line":93,"column":5}},"51":{"start":{"line":83,"column":8},"end":{"line":83,"column":null}},"52":{"start":{"line":84,"column":8},"end":{"line":92,"column":null}},"53":{"start":{"line":85,"column":25},"end":{"line":92,"column":14}},"54":{"start":{"line":86,"column":28},"end":{"line":89,"column":null}},"55":{"start":{"line":91,"column":16},"end":{"line":91,"column":30}},"56":{"start":{"line":94,"column":4},"end":{"line":94,"column":null}}},"fnMap":{"0":{"name":"useDoSearch","decl":{"start":{"line":21,"column":9},"end":{"line":21,"column":20}},"loc":{"start":{"line":21,"column":64},"end":{"line":62,"column":1}}},"1":{"name":"(anonymous_10)","decl":{"start":{"line":32,"column":14},"end":{"line":32,"column":17}},"loc":{"start":{"line":32,"column":19},"end":{"line":61,"column":5}}},"2":{"name":"(anonymous_11)","decl":{"start":{"line":46,"column":25},"end":{"line":46,"column":28}},"loc":{"start":{"line":46,"column":31},"end":{"line":56,"column":13}}},"3":{"name":"(anonymous_12)","decl":{"start":{"line":49,"column":33},"end":{"line":49,"column":36}},"loc":{"start":{"line":49,"column":39},"end":{"line":53,"column":17}}},"4":{"name":"(anonymous_13)","decl":{"start":{"line":56,"column":21},"end":{"line":56,"column":22}},"loc":{"start":{"line":56,"column":25},"end":{"line":59,"column":13}}},"5":{"name":"DoTheSearching","decl":{"start":{"line":65,"column":16},"end":{"line":65,"column":30}},"loc":{"start":{"line":65,"column":74},"end":{"line":69,"column":1}}},"6":{"name":"searchAllDataSourcesPage1","decl":{"start":{"line":78,"column":16},"end":{"line":78,"column":41}},"loc":{"start":{"line":78,"column":207},"end":{"line":95,"column":1}}},"7":{"name":"(anonymous_16)","decl":{"start":{"line":85,"column":18},"end":{"line":85,"column":21}},"loc":{"start":{"line":85,"column":25},"end":{"line":92,"column":14}}},"8":{"name":"(anonymous_17)","decl":{"start":{"line":85,"column":42},"end":{"line":85,"column":43}},"loc":{"start":{"line":85,"column":46},"end":{"line":92,"column":13}}}},"branchMap":{"0":{"loc":{"start":{"line":36,"column":8},"end":{"line":36,"column":67}},"type":"if","locations":[{"start":{"line":36,"column":8},"end":{"line":36,"column":67}}]},"1":{"loc":{"start":{"line":36,"column":24},"end":{"line":36,"column":45}},"type":"binary-expr","locations":[{"start":{"line":36,"column":24},"end":{"line":36,"column":31}},{"start":{"line":36,"column":33},"end":{"line":36,"column":45}}]},"2":{"loc":{"start":{"line":47,"column":16},"end":{"line":47,"column":218}},"type":"if","locations":[{"start":{"line":47,"column":16},"end":{"line":47,"column":218}}]}},"s":{"0":1,"1":1,"2":1,"3":1,"4":1,"5":1,"6":1,"7":1,"8":1,"9":1,"10":1,"11":1,"12":1,"13":6,"14":6,"15":6,"16":6,"17":6,"18":6,"19":6,"20":6,"21":6,"22":6,"23":2,"24":2,"25":2,"26":1,"27":1,"28":1,"29":1,"30":1,"31":1,"32":1,"33":1,"34":1,"35":0,"36":1,"37":1,"38":1,"39":1,"40":1,"41":1,"42":0,"43":0,"44":3,"45":6,"46":3,"47":1,"48":1,"49":1,"50":1,"51":1,"52":1,"53":1,"54":1,"55":1,"56":1},"f":{"0":6,"1":2,"2":1,"3":1,"4":0,"5":3,"6":1,"7":1,"8":1},"b":{"0":[1],"1":[2,1],"2":[0]}},"C:\\git\\usingrecoil\\modules\\translation\\translation\\src\\translation.tsx":{"path":"C:\\git\\usingrecoil\\modules\\translation\\translation\\src\\translation.tsx","statementMap":{"0":{"start":{"line":16,"column":0},"end":{"line":16,"column":16}},"1":{"start":{"line":1,"column":0},"end":{"line":1,"column":48}},"2":{"start":{"line":2,"column":0},"end":{"line":2,"column":65}},"3":{"start":{"line":7,"column":13},"end":{"line":7,"column":68}},"4":{"start":{"line":10,"column":13},"end":{"line":10,"column":70}},"5":{"start":{"line":13,"column":13},"end":{"line":13,"column":63}},"6":{"start":{"line":17,"column":4},"end":{"line":17,"column":42}}},"fnMap":{"0":{"name":"useTranslation","decl":{"start":{"line":16,"column":16},"end":{"line":16,"column":30}},"loc":{"start":{"line":16,"column":30},"end":{"line":18,"column":1}}}},"branchMap":{},"s":{"0":1,"1":1,"2":1,"3":1,"4":1,"5":1,"6":3},"f":{"0":3},"b":{}},"C:\\git\\usingrecoil\\modules\\react\\renderers\\markdown_renderer\\src\\markdown.renderer.tsx":{"path":"C:\\git\\usingrecoil\\modules\\react\\renderers\\markdown_renderer\\src\\markdown.renderer.tsx","statementMap":{"0":{"start":{"line":1,"column":0},"end":{"line":1,"column":26}},"1":{"start":{"line":2,"column":0},"end":{"line":2,"column":43}},"2":{"start":{"line":3,"column":0},"end":{"line":3,"column":82}},"3":{"start":{"line":5,"column":40},"end":{"line":13,"column":1}},"4":{"start":{"line":6,"column":4},"end":{"line":12,"column":6}},"5":{"start":{"line":5,"column":13},"end":{"line":5,"column":40}}},"fnMap":{"0":{"name":"(anonymous_1)","decl":{"start":{"line":5,"column":40},"end":{"line":5,"column":41}},"loc":{"start":{"line":5,"column":56},"end":{"line":13,"column":1}}}},"branchMap":{"0":{"loc":{"start":{"line":9,"column":83},"end":{"line":9,"column":94}},"type":"binary-expr","locations":[{"start":{"line":9,"column":83},"end":{"line":9,"column":88}},{"start":{"line":9,"column":92},"end":{"line":9,"column":94}}]}},"s":{"0":1,"1":1,"2":1,"3":1,"4":2,"5":1},"f":{"0":2},"b":{"0":[2,0]}},"C:\\git\\usingrecoil\\modules\\sovereign\\sovereign_search\\src\\display.search.results.tsx":{"path":"C:\\git\\usingrecoil\\modules\\sovereign\\sovereign_search\\src\\display.search.results.tsx","statementMap":{"0":{"start":{"line":27,"column":0},"end":{"line":27,"column":16}},"1":{"start":{"line":35,"column":0},"end":{"line":35,"column":16}},"2":{"start":{"line":1,"column":0},"end":{"line":1,"column":68}},"3":{"start":{"line":2,"column":0},"end":{"line":2,"column":61}},"4":{"start":{"line":3,"column":0},"end":{"line":3,"column":82}},"5":{"start":{"line":4,"column":0},"end":{"line":4,"column":135}},"6":{"start":{"line":5,"column":0},"end":{"line":5,"column":61}},"7":{"start":{"line":6,"column":0},"end":{"line":6,"column":87}},"8":{"start":{"line":7,"column":0},"end":{"line":7,"column":75}},"9":{"start":{"line":8,"column":0},"end":{"line":8,"column":59}},"10":{"start":{"line":20,"column":13},"end":{"line":20,"column":null}},"11":{"start":{"line":28,"column":4},"end":{"line":28,"column":null}},"12":{"start":{"line":36,"column":20},"end":{"line":36,"column":58}},"13":{"start":{"line":37,"column":24},"end":{"line":37,"column":39}},"14":{"start":{"line":38,"column":4},"end":{"line":38,"column":null}},"15":{"start":{"line":38,"column":18},"end":{"line":38,"column":null}},"16":{"start":{"line":39,"column":4},"end":{"line":39,"column":null}},"17":{"start":{"line":52,"column":79},"end":{"line":63,"column":1}},"18":{"start":{"line":53,"column":24},"end":{"line":53,"column":40}},"19":{"start":{"line":54,"column":24},"end":{"line":54,"column":39}},"20":{"start":{"line":55,"column":19},"end":{"line":55,"column":40}},"21":{"start":{"line":56,"column":4},"end":{"line":56,"column":145}},"22":{"start":{"line":56,"column":17},"end":{"line":56,"column":145}},"23":{"start":{"line":58,"column":63},"end":{"line":58,"column":69}},"24":{"start":{"line":59,"column":4},"end":{"line":61,"column":null}},"25":{"start":{"line":52,"column":13},"end":{"line":52,"column":79}},"26":{"start":{"line":66,"column":29},"end":{"line":94,"column":1}},"27":{"start":{"line":72,"column":41},"end":{"line":72,"column":65}},"28":{"start":{"line":73,"column":24},"end":{"line":73,"column":64}},"29":{"start":{"line":74,"column":39},"end":{"line":74,"column":48}},"30":{"start":{"line":75,"column":27},"end":{"line":75,"column":51}},"31":{"start":{"line":76,"column":22},"end":{"line":76,"column":36}},"32":{"start":{"line":77,"column":21},"end":{"line":77,"column":44}},"33":{"start":{"line":78,"column":23},"end":{"line":78,"column":38}},"34":{"start":{"line":79,"column":4},"end":{"line":79,"column":null}},"35":{"start":{"line":79,"column":19},"end":{"line":79,"column":null}},"36":{"start":{"line":80,"column":27},"end":{"line":80,"column":85}},"37":{"start":{"line":81,"column":19},"end":{"line":81,"column":66}},"38":{"start":{"line":82,"column":18},"end":{"line":82,"column":123}},"39":{"start":{"line":83,"column":4},"end":{"line":93,"column":6}},"40":{"start":{"line":86,"column":29},"end":{"line":86,"column":59}},"41":{"start":{"line":87,"column":16},"end":{"line":87,"column":null}},"42":{"start":{"line":90,"column":16},"end":{"line":90,"column":null}},"43":{"start":{"line":66,"column":13},"end":{"line":66,"column":29}}},"fnMap":{"0":{"name":"SearchResultsProvider","decl":{"start":{"line":27,"column":16},"end":{"line":27,"column":37}},"loc":{"start":{"line":27,"column":104},"end":{"line":29,"column":1}}},"1":{"name":"useSearchResultsLayout","decl":{"start":{"line":35,"column":16},"end":{"line":35,"column":38}},"loc":{"start":{"line":35,"column":38},"end":{"line":40,"column":1}}},"2":{"name":"(anonymous_11)","decl":{"start":{"line":52,"column":79},"end":{"line":52,"column":98}},"loc":{"start":{"line":52,"column":175},"end":{"line":63,"column":1}}},"3":{"name":"(anonymous_12)","decl":{"start":{"line":66,"column":29},"end":{"line":66,"column":51}},"loc":{"start":{"line":71,"column":98},"end":{"line":94,"column":1}}},"4":{"name":"(anonymous_13)","decl":{"start":{"line":85,"column":23},"end":{"line":85,"column":24}},"loc":{"start":{"line":85,"column":36},"end":{"line":88,"column":13}}},"5":{"name":"(anonymous_14)","decl":{"start":{"line":89,"column":40},"end":{"line":89,"column":41}},"loc":{"start":{"line":89,"column":69},"end":{"line":91,"column":13}}}},"branchMap":{"0":{"loc":{"start":{"line":38,"column":4},"end":{"line":38,"column":null}},"type":"if","locations":[{"start":{"line":38,"column":4},"end":{"line":38,"column":null}}]},"1":{"loc":{"start":{"line":56,"column":4},"end":{"line":56,"column":145}},"type":"if","locations":[{"start":{"line":56,"column":4},"end":{"line":56,"column":145}}]},"2":{"loc":{"start":{"line":59,"column":11},"end":{"line":61,"column":104}},"type":"cond-expr","locations":[{"start":{"line":60,"column":10},"end":{"line":60,"column":83}},{"start":{"line":61,"column":10},"end":{"line":61,"column":104}}]},"3":{"loc":{"start":{"line":67,"column":77},"end":{"line":67,"column":88}},"type":"default-arg","locations":[{"start":{"line":67,"column":82},"end":{"line":67,"column":88}}]},"4":{"loc":{"start":{"line":68,"column":77},"end":{"line":68,"column":99}},"type":"default-arg","locations":[{"start":{"line":68,"column":95},"end":{"line":68,"column":99}}]},"5":{"loc":{"start":{"line":69,"column":77},"end":{"line":69,"column":141}},"type":"default-arg","locations":[{"start":{"line":69,"column":107},"end":{"line":69,"column":141}}]},"6":{"loc":{"start":{"line":70,"column":77},"end":{"line":70,"column":120}},"type":"default-arg","locations":[{"start":{"line":70,"column":97},"end":{"line":70,"column":120}}]},"7":{"loc":{"start":{"line":79,"column":4},"end":{"line":79,"column":null}},"type":"if","locations":[{"start":{"line":79,"column":4},"end":{"line":79,"column":null}}]},"8":{"loc":{"start":{"line":82,"column":18},"end":{"line":82,"column":123}},"type":"cond-expr","locations":[{"start":{"line":82,"column":36},"end":{"line":82,"column":93}},{"start":{"line":82,"column":96},"end":{"line":82,"column":123}}]},"9":{"loc":{"start":{"line":82,"column":36},"end":{"line":82,"column":93}},"type":"binary-expr","locations":[{"start":{"line":82,"column":36},"end":{"line":82,"column":62}},{"start":{"line":82,"column":66},"end":{"line":82,"column":93}}]},"10":{"loc":{"start":{"line":86,"column":29},"end":{"line":86,"column":59}},"type":"binary-expr","locations":[{"start":{"line":86,"column":29},"end":{"line":86,"column":53}},{"start":{"line":86,"column":57},"end":{"line":86,"column":59}}]}},"s":{"0":1,"1":1,"2":1,"3":1,"4":1,"5":1,"6":1,"7":1,"8":1,"9":1,"10":1,"11":0,"12":0,"13":0,"14":0,"15":0,"16":0,"17":1,"18":6,"19":6,"20":6,"21":6,"22":4,"23":2,"24":2,"25":1,"26":1,"27":0,"28":0,"29":0,"30":0,"31":0,"32":0,"33":0,"34":0,"35":0,"36":0,"37":0,"38":0,"39":0,"40":0,"41":0,"42":0,"43":1},"f":{"0":0,"1":0,"2":6,"3":0,"4":0,"5":0},"b":{"0":[0],"1":[4],"2":[1,1],"3":[0],"4":[0],"5":[0],"6":[0],"7":[0],"8":[0,0],"9":[0,0],"10":[0,0]}},"C:\\git\\usingrecoil\\modules\\sovereign\\sovereign_search\\src\\search.results.components.tsx":{"path":"C:\\git\\usingrecoil\\modules\\sovereign\\sovereign_search\\src\\search.results.components.tsx","statementMap":{"0":{"start":{"line":1,"column":0},"end":{"line":1,"column":42}},"1":{"start":{"line":2,"column":0},"end":{"line":2,"column":62}},"2":{"start":{"line":5,"column":0},"end":{"line":5,"column":69}},"3":{"start":{"line":12,"column":13},"end":{"line":12,"column":92}},"4":{"start":{"line":21,"column":58},"end":{"line":25,"column":1}},"5":{"start":{"line":22,"column":20},"end":{"line":22,"column":39}},"6":{"start":{"line":23,"column":60},"end":{"line":23,"column":88}},"7":{"start":{"line":24,"column":4},"end":{"line":24,"column":null}},"8":{"start":{"line":21,"column":13},"end":{"line":21,"column":58}}},"fnMap":{"0":{"name":"(anonymous_1)","decl":{"start":{"line":21,"column":58},"end":{"line":21,"column":59}},"loc":{"start":{"line":21,"column":92},"end":{"line":25,"column":1}}}},"branchMap":{"0":{"loc":{"start":{"line":24,"column":11},"end":{"line":24,"column":96}},"type":"cond-expr","locations":[{"start":{"line":24,"column":21},"end":{"line":24,"column":55}},{"start":{"line":24,"column":58},"end":{"line":24,"column":96}}]}},"s":{"0":2,"1":2,"2":2,"3":2,"4":2,"5":2,"6":2,"7":2,"8":2},"f":{"0":2},"b":{"0":[1,1]}},"C:\\git\\usingrecoil\\modules\\sovereign\\sovereign_search\\src\\simple.display.results.layout.tsx":{"path":"C:\\git\\usingrecoil\\modules\\sovereign\\sovereign_search\\src\\simple.display.results.layout.tsx","statementMap":{"0":{"start":{"line":1,"column":0},"end":{"line":1,"column":26}},"1":{"start":{"line":5,"column":70},"end":{"line":47,"column":1}},"2":{"start":{"line":8,"column":23},"end":{"line":8,"column":55}},"3":{"start":{"line":9,"column":28},"end":{"line":9,"column":51}},"4":{"start":{"line":11,"column":4},"end":{"line":46,"column":6}},"5":{"start":{"line":40,"column":20},"end":{"line":41,"column":null}},"6":{"start":{"line":5,"column":13},"end":{"line":5,"column":70}}},"fnMap":{"0":{"name":"(anonymous_1)","decl":{"start":{"line":5,"column":70},"end":{"line":5,"column":71}},"loc":{"start":{"line":7,"column":109},"end":{"line":47,"column":1}}},"1":{"name":"(anonymous_2)","decl":{"start":{"line":39,"column":32},"end":{"line":39,"column":33}},"loc":{"start":{"line":40,"column":20},"end":{"line":41,"column":null}}}},"branchMap":{"0":{"loc":{"start":{"line":35,"column":41},"end":{"line":35,"column":76}},"type":"cond-expr","locations":[{"start":{"line":35,"column":59},"end":{"line":35,"column":64}},{"start":{"line":35,"column":67},"end":{"line":35,"column":76}}]},"1":{"loc":{"start":{"line":36,"column":36},"end":{"line":36,"column":74}},"type":"cond-expr","locations":[{"start":{"line":36,"column":54},"end":{"line":36,"column":62}},{"start":{"line":36,"column":65},"end":{"line":36,"column":74}}]}},"s":{"0":1,"1":1,"2":3,"3":3,"4":3,"5":5,"6":1},"f":{"0":3,"1":5},"b":{"0":[1,2],"1":[1,2]}},"C:\\git\\usingrecoil\\modules\\sovereign\\sovereign_search\\src\\simple.error.in.data.source.tsx":{"path":"C:\\git\\usingrecoil\\modules\\sovereign\\sovereign_search\\src\\simple.error.in.data.source.tsx","statementMap":{"0":{"start":{"line":1,"column":0},"end":{"line":1,"column":26}},"1":{"start":{"line":4,"column":61},"end":{"line":13,"column":1}},"2":{"start":{"line":5,"column":4},"end":{"line":12,"column":11}},"3":{"start":{"line":9,"column":48},"end":{"line":9,"column":72}},"4":{"start":{"line":10,"column":74},"end":{"line":10,"column":134}},"5":{"start":{"line":4,"column":13},"end":{"line":4,"column":61}},"6":{"start":{"line":15,"column":64},"end":{"line":21,"column":1}},"7":{"start":{"line":16,"column":4},"end":{"line":20,"column":11}},"8":{"start":{"line":15,"column":13},"end":{"line":15,"column":64}}},"fnMap":{"0":{"name":"(anonymous_1)","decl":{"start":{"line":4,"column":61},"end":{"line":4,"column":62}},"loc":{"start":{"line":4,"column":114},"end":{"line":13,"column":1}}},"1":{"name":"(anonymous_2)","decl":{"start":{"line":9,"column":34},"end":{"line":9,"column":35}},"loc":{"start":{"line":9,"column":48},"end":{"line":9,"column":72}}},"2":{"name":"(anonymous_3)","decl":{"start":{"line":10,"column":56},"end":{"line":10,"column":57}},"loc":{"start":{"line":10,"column":74},"end":{"line":10,"column":134}}},"3":{"name":"(anonymous_4)","decl":{"start":{"line":15,"column":64},"end":{"line":15,"column":65}},"loc":{"start":{"line":15,"column":117},"end":{"line":21,"column":1}}}},"branchMap":{"0":{"loc":{"start":{"line":10,"column":31},"end":{"line":10,"column":50}},"type":"binary-expr","locations":[{"start":{"line":10,"column":31},"end":{"line":10,"column":44}},{"start":{"line":10,"column":48},"end":{"line":10,"column":50}}]}},"s":{"0":1,"1":1,"2":2,"3":4,"4":2,"5":1,"6":1,"7":1,"8":1},"f":{"0":2,"1":4,"2":2,"3":1},"b":{"0":[2,1]}}}